{"/home/travis/build/npmtest/node-npmtest-fullpage.js/test.js":{"path":"/home/travis/build/npmtest/node-npmtest-fullpage.js/test.js","s":{"1":2,"2":2,"3":2,"4":2,"5":2,"6":2,"7":2,"8":1,"9":2,"10":2,"11":1,"12":1,"13":1,"14":1,"15":2,"16":2,"17":2,"18":2,"19":1,"20":1,"21":2,"22":2,"23":2,"24":1,"25":1,"26":1,"27":1,"28":1,"29":1,"30":1,"31":1,"32":1,"33":1,"34":1,"35":1,"36":1,"37":1,"38":1,"39":2,"40":2,"41":1,"42":2,"43":2,"44":1,"45":2,"46":2,"47":1,"48":2,"49":2,"50":1,"51":1,"52":1,"53":1,"54":1},"b":{"1":[2,1,1,1],"2":[1,1,1,1],"3":[1,1],"4":[1,1],"5":[1,1],"6":[1,1],"7":[1,1],"8":[1,1],"9":[1,1],"10":[1,1,1],"11":[1,1],"12":[1,1],"13":[1,1],"14":[1,1],"15":[1,1],"16":[1,1],"17":[1,1]},"f":{"1":2,"2":2,"3":2,"4":2,"5":2,"6":1,"7":1,"8":1,"9":2,"10":2,"11":2,"12":2,"13":1},"fnMap":{"1":{"name":"(anonymous_1)","line":12,"loc":{"start":{"line":12,"column":1},"end":{"line":12,"column":13}}},"2":{"name":"(anonymous_2)","line":19,"loc":{"start":{"line":19,"column":5},"end":{"line":19,"column":17}}},"3":{"name":"(anonymous_3)","line":23,"loc":{"start":{"line":23,"column":24},"end":{"line":23,"column":36}}},"4":{"name":"(anonymous_4)","line":61,"loc":{"start":{"line":61,"column":5},"end":{"line":61,"column":17}}},"5":{"name":"(anonymous_5)","line":82,"loc":{"start":{"line":82,"column":5},"end":{"line":82,"column":17}}},"6":{"name":"(anonymous_6)","line":91,"loc":{"start":{"line":91,"column":77},"end":{"line":94,"column":10}}},"7":{"name":"(anonymous_7)","line":112,"loc":{"start":{"line":112,"column":83},"end":{"line":115,"column":10}},"skip":true},"8":{"name":"(anonymous_8)","line":123,"loc":{"start":{"line":123,"column":77},"end":{"line":126,"column":10}},"skip":true},"9":{"name":"(anonymous_9)","line":139,"loc":{"start":{"line":139,"column":12},"end":{"line":139,"column":40}},"skip":true},"10":{"name":"(anonymous_10)","line":147,"loc":{"start":{"line":147,"column":77},"end":{"line":150,"column":10}},"skip":true},"11":{"name":"(anonymous_11)","line":158,"loc":{"start":{"line":158,"column":83},"end":{"line":161,"column":10}},"skip":true},"12":{"name":"(anonymous_12)","line":169,"loc":{"start":{"line":169,"column":79},"end":{"line":172,"column":10}},"skip":true},"13":{"name":"(anonymous_13)","line":180,"loc":{"start":{"line":180,"column":75},"end":{"line":183,"column":10}},"skip":true}},"statementMap":{"1":{"start":{"line":12,"column":0},"end":{"line":195,"column":5}},"2":{"start":{"line":14,"column":4},"end":{"line":14,"column":14}},"3":{"start":{"line":19,"column":4},"end":{"line":56,"column":9}},"4":{"start":{"line":21,"column":8},"end":{"line":21,"column":19}},"5":{"start":{"line":23,"column":8},"end":{"line":35,"column":13}},"6":{"start":{"line":24,"column":12},"end":{"line":34,"column":13}},"7":{"start":{"line":25,"column":16},"end":{"line":28,"column":30}},"8":{"start":{"line":30,"column":16},"end":{"line":33,"column":27}},"9":{"start":{"line":37,"column":8},"end":{"line":39,"column":21}},"10":{"start":{"line":40,"column":8},"end":{"line":53,"column":9}},"11":{"start":{"line":43,"column":12},"end":{"line":46,"column":14}},"12":{"start":{"line":47,"column":12},"end":{"line":47,"column":18}},"13":{"start":{"line":50,"column":12},"end":{"line":51,"column":46}},"14":{"start":{"line":52,"column":12},"end":{"line":52,"column":18}},"15":{"start":{"line":55,"column":8},"end":{"line":55,"column":35}},"16":{"start":{"line":61,"column":4},"end":{"line":63,"column":9}},"17":{"start":{"line":62,"column":8},"end":{"line":62,"column":15}},"18":{"start":{"line":64,"column":4},"end":{"line":77,"column":5}},"19":{"start":{"line":70,"column":8},"end":{"line":70,"column":14}},"20":{"start":{"line":76,"column":8},"end":{"line":76,"column":14}},"21":{"start":{"line":82,"column":4},"end":{"line":84,"column":9}},"22":{"start":{"line":83,"column":8},"end":{"line":83,"column":15}},"23":{"start":{"line":85,"column":4},"end":{"line":194,"column":5}},"24":{"start":{"line":91,"column":8},"end":{"line":99,"column":10}},"25":{"start":{"line":98,"column":12},"end":{"line":98,"column":35}},"26":{"start":{"line":102,"column":8},"end":{"line":104,"column":63}},"27":{"start":{"line":105,"column":8},"end":{"line":105,"column":14}},"28":{"start":{"line":112,"column":8},"end":{"line":121,"column":10},"skip":true},"29":{"start":{"line":119,"column":12},"end":{"line":119,"column":55},"skip":true},"30":{"start":{"line":120,"column":12},"end":{"line":120,"column":48},"skip":true},"31":{"start":{"line":123,"column":8},"end":{"line":136,"column":10},"skip":true},"32":{"start":{"line":130,"column":12},"end":{"line":130,"column":76},"skip":true},"33":{"start":{"line":131,"column":12},"end":{"line":131,"column":73},"skip":true},"34":{"start":{"line":132,"column":12},"end":{"line":132,"column":74},"skip":true},"35":{"start":{"line":133,"column":12},"end":{"line":133,"column":79},"skip":true},"36":{"start":{"line":134,"column":12},"end":{"line":134,"column":25},"skip":true},"37":{"start":{"line":135,"column":12},"end":{"line":135,"column":45},"skip":true},"38":{"start":{"line":138,"column":8},"end":{"line":145,"column":14},"skip":true},"39":{"start":{"line":143,"column":16},"end":{"line":143,"column":29},"skip":true},"40":{"start":{"line":144,"column":16},"end":{"line":144,"column":55},"skip":true},"41":{"start":{"line":147,"column":8},"end":{"line":156,"column":10},"skip":true},"42":{"start":{"line":154,"column":12},"end":{"line":154,"column":25},"skip":true},"43":{"start":{"line":155,"column":12},"end":{"line":155,"column":45},"skip":true},"44":{"start":{"line":158,"column":8},"end":{"line":167,"column":10},"skip":true},"45":{"start":{"line":165,"column":12},"end":{"line":165,"column":25},"skip":true},"46":{"start":{"line":166,"column":12},"end":{"line":166,"column":48},"skip":true},"47":{"start":{"line":169,"column":8},"end":{"line":178,"column":10},"skip":true},"48":{"start":{"line":176,"column":12},"end":{"line":176,"column":25},"skip":true},"49":{"start":{"line":177,"column":12},"end":{"line":177,"column":46},"skip":true},"50":{"start":{"line":180,"column":8},"end":{"line":189,"column":10},"skip":true},"51":{"start":{"line":187,"column":12},"end":{"line":187,"column":94},"skip":true},"52":{"start":{"line":188,"column":12},"end":{"line":188,"column":48},"skip":true},"53":{"start":{"line":192,"column":8},"end":{"line":192,"column":35},"skip":true},"54":{"start":{"line":193,"column":8},"end":{"line":193,"column":14},"skip":true}},"branchMap":{"1":{"line":25,"type":"binary-expr","locations":[{"start":{"line":25,"column":23},"end":{"line":25,"column":62}},{"start":{"line":26,"column":20},"end":{"line":26,"column":70}},{"start":{"line":27,"column":20},"end":{"line":27,"column":71}},{"start":{"line":28,"column":20},"end":{"line":28,"column":29}}]},"2":{"line":30,"type":"binary-expr","locations":[{"start":{"line":30,"column":23},"end":{"line":30,"column":37}},{"start":{"line":31,"column":20},"end":{"line":31,"column":61}},{"start":{"line":32,"column":20},"end":{"line":32,"column":70}},{"start":{"line":33,"column":20},"end":{"line":33,"column":26}}]},"3":{"line":37,"type":"cond-expr","locations":[{"start":{"line":38,"column":14},"end":{"line":38,"column":20}},{"start":{"line":39,"column":14},"end":{"line":39,"column":20}}]},"4":{"line":40,"type":"switch","locations":[{"start":{"line":42,"column":8},"end":{"line":47,"column":18}},{"start":{"line":49,"column":8},"end":{"line":52,"column":18}}]},"5":{"line":44,"type":"binary-expr","locations":[{"start":{"line":44,"column":16},"end":{"line":44,"column":44}},{"start":{"line":44,"column":48},"end":{"line":44,"column":66}}]},"6":{"line":50,"type":"binary-expr","locations":[{"start":{"line":50,"column":21},"end":{"line":50,"column":49}},{"start":{"line":50,"column":53},"end":{"line":50,"column":72}}]},"7":{"line":64,"type":"switch","locations":[{"start":{"line":69,"column":4},"end":{"line":70,"column":14}},{"start":{"line":75,"column":4},"end":{"line":76,"column":14}}]},"8":{"line":85,"type":"switch","locations":[{"start":{"line":90,"column":4},"end":{"line":105,"column":14}},{"start":{"line":111,"column":4},"end":{"line":193,"column":14},"skip":true}]},"9":{"line":91,"type":"binary-expr","locations":[{"start":{"line":91,"column":42},"end":{"line":91,"column":73}},{"start":{"line":91,"column":77},"end":{"line":99,"column":9}}]},"10":{"line":102,"type":"binary-expr","locations":[{"start":{"line":102,"column":18},"end":{"line":102,"column":32}},{"start":{"line":103,"column":12},"end":{"line":103,"column":53}},{"start":{"line":104,"column":12},"end":{"line":104,"column":61}}]},"11":{"line":112,"type":"binary-expr","locations":[{"start":{"line":112,"column":45},"end":{"line":112,"column":79},"skip":true},{"start":{"line":112,"column":83},"end":{"line":121,"column":9},"skip":true}]},"12":{"line":123,"type":"binary-expr","locations":[{"start":{"line":123,"column":42},"end":{"line":123,"column":73},"skip":true},{"start":{"line":123,"column":77},"end":{"line":136,"column":9},"skip":true}]},"13":{"line":138,"type":"binary-expr","locations":[{"start":{"line":138,"column":48},"end":{"line":138,"column":85},"skip":true},{"start":{"line":139,"column":12},"end":{"line":145,"column":13},"skip":true}]},"14":{"line":147,"type":"binary-expr","locations":[{"start":{"line":147,"column":42},"end":{"line":147,"column":73},"skip":true},{"start":{"line":147,"column":77},"end":{"line":156,"column":9},"skip":true}]},"15":{"line":158,"type":"binary-expr","locations":[{"start":{"line":158,"column":45},"end":{"line":158,"column":79},"skip":true},{"start":{"line":158,"column":83},"end":{"line":167,"column":9},"skip":true}]},"16":{"line":169,"type":"binary-expr","locations":[{"start":{"line":169,"column":43},"end":{"line":169,"column":75},"skip":true},{"start":{"line":169,"column":79},"end":{"line":178,"column":9},"skip":true}]},"17":{"line":180,"type":"binary-expr","locations":[{"start":{"line":180,"column":41},"end":{"line":180,"column":71},"skip":true},{"start":{"line":180,"column":75},"end":{"line":189,"column":9},"skip":true}]}},"code":["/* istanbul instrument in package npmtest_fullpage_js */","/*jslint","    bitwise: true,","    browser: true,","    maxerr: 8,","    maxlen: 96,","    node: true,","    nomen: true,","    regexp: true,","    stupid: true","*/","(function () {","    'use strict';","    var local;","","","","    // run shared js-env code - pre-init","    (function () {","        // init local","        local = {};","        // init modeJs","        local.modeJs = (function () {","            try {","                return typeof navigator.userAgent === 'string' &&","                    typeof document.querySelector('body') === 'object' &&","                    typeof XMLHttpRequest.prototype.open === 'function' &&","                    'browser';","            } catch (errorCaughtBrowser) {","                return module.exports &&","                    typeof process.versions.node === 'string' &&","                    typeof require('http').createServer === 'function' &&","                    'node';","            }","        }());","        // init global","        local.global = local.modeJs === 'browser'","            ? window","            : global;","        switch (local.modeJs) {","        // re-init local from window.local","        case 'browser':","            local = local.global.utility2.objectSetDefault(","                local.global.utility2_rollup || local.global.local,","                local.global.utility2","            );","            break;","        // re-init local from example.js","        case 'node':","            local = (local.global.utility2_rollup || require('utility2'))","                .requireExampleJsFromReadme();","            break;","        }","        // export local","        local.global.local = local;","    }());","","","","    // run shared js-env code - function","    (function () {","        return;","    }());","    switch (local.modeJs) {","","","","    // run browser js-env code - function","    case 'browser':","        break;","","","","    // run node js-env code - function","    case 'node':","        break;","    }","","","","    // run shared js-env code - post-init","    (function () {","        return;","    }());","    switch (local.modeJs) {","","","","    // run browser js-env code - post-init","    case 'browser':","        local.testCase_browser_nullCase = local.testCase_browser_nullCase || function (","            options,","            onError","        ) {","        /*","         * this function will test browsers's null-case handling-behavior-behavior","         */","            onError(null, options);","        };","","        // run tests","        local.nop(local.modeTest &&","            document.querySelector('#testRunButton1') &&","            document.querySelector('#testRunButton1').click());","        break;","","","","    // run node js-env code - post-init","    /* istanbul ignore next */","    case 'node':","        local.testCase_buildApidoc_default = local.testCase_buildApidoc_default || function (","            options,","            onError","        ) {","        /*","         * this function will test buildApidoc's default handling-behavior-behavior","         */","            options = { modulePathList: module.paths };","            local.buildApidoc(options, onError);","        };","","        local.testCase_buildApp_default = local.testCase_buildApp_default || function (","            options,","            onError","        ) {","        /*","         * this function will test buildApp's default handling-behavior-behavior","         */","            local.testCase_buildReadme_default(options, local.onErrorThrow);","            local.testCase_buildLib_default(options, local.onErrorThrow);","            local.testCase_buildTest_default(options, local.onErrorThrow);","            local.testCase_buildCustomOrg_default(options, local.onErrorThrow);","            options = [];","            local.buildApp(options, onError);","        };","","        local.testCase_buildCustomOrg_default = local.testCase_buildCustomOrg_default ||","            function (options, onError) {","            /*","             * this function will test buildCustomOrg's default handling-behavior","             */","                options = {};","                local.buildCustomOrg(options, onError);","            };","","        local.testCase_buildLib_default = local.testCase_buildLib_default || function (","            options,","            onError","        ) {","        /*","         * this function will test buildLib's default handling-behavior","         */","            options = {};","            local.buildLib(options, onError);","        };","","        local.testCase_buildReadme_default = local.testCase_buildReadme_default || function (","            options,","            onError","        ) {","        /*","         * this function will test buildReadme's default handling-behavior-behavior","         */","            options = {};","            local.buildReadme(options, onError);","        };","","        local.testCase_buildTest_default = local.testCase_buildTest_default || function (","            options,","            onError","        ) {","        /*","         * this function will test buildTest's default handling-behavior","         */","            options = {};","            local.buildTest(options, onError);","        };","","        local.testCase_webpage_default = local.testCase_webpage_default || function (","            options,","            onError","        ) {","        /*","         * this function will test webpage's default handling-behavior","         */","            options = { modeCoverageMerge: true, url: local.serverLocalHost + '?modeTest=1' };","            local.browserTest(options, onError);","        };","","        // run test-server","        local.testRunServer(local);","        break;","    }","}());",""],"l":{"12":2,"14":2,"19":2,"21":2,"23":2,"24":2,"25":2,"30":1,"37":2,"40":2,"43":1,"47":1,"50":1,"52":1,"55":2,"61":2,"62":2,"64":2,"70":1,"76":1,"82":2,"83":2,"85":2,"91":1,"98":1,"102":1,"105":1,"112":1,"119":1,"120":1,"123":1,"130":1,"131":1,"132":1,"133":1,"134":1,"135":1,"138":1,"143":2,"144":2,"147":1,"154":2,"155":2,"158":1,"165":2,"166":2,"169":1,"176":2,"177":2,"180":1,"187":1,"188":1,"192":1,"193":1}},"/home/travis/build/npmtest/node-npmtest-fullpage.js/lib.npmtest_fullpage.js.js":{"path":"/home/travis/build/npmtest/node-npmtest-fullpage.js/lib.npmtest_fullpage.js.js","s":{"1":2,"2":2,"3":2,"4":2,"5":2,"6":2,"7":2,"8":1,"9":2,"10":2,"11":2,"12":2,"13":1,"14":1,"15":1,"16":1},"b":{"1":[2,1,1,1],"2":[1,1,1,1],"3":[1,1],"4":[2,2],"5":[1,1]},"f":{"1":2,"2":2,"3":2},"fnMap":{"1":{"name":"(anonymous_1)","line":12,"loc":{"start":{"line":12,"column":1},"end":{"line":12,"column":13}}},"2":{"name":"(anonymous_2)","line":19,"loc":{"start":{"line":19,"column":5},"end":{"line":19,"column":17}}},"3":{"name":"(anonymous_3)","line":23,"loc":{"start":{"line":23,"column":24},"end":{"line":23,"column":36}}}},"statementMap":{"1":{"start":{"line":12,"column":0},"end":{"line":53,"column":5}},"2":{"start":{"line":14,"column":4},"end":{"line":14,"column":14}},"3":{"start":{"line":19,"column":4},"end":{"line":52,"column":9}},"4":{"start":{"line":21,"column":8},"end":{"line":21,"column":19}},"5":{"start":{"line":23,"column":8},"end":{"line":35,"column":13}},"6":{"start":{"line":24,"column":12},"end":{"line":34,"column":13}},"7":{"start":{"line":25,"column":16},"end":{"line":28,"column":30}},"8":{"start":{"line":30,"column":16},"end":{"line":33,"column":27}},"9":{"start":{"line":37,"column":8},"end":{"line":39,"column":21}},"10":{"start":{"line":41,"column":8},"end":{"line":41,"column":54}},"11":{"start":{"line":43,"column":8},"end":{"line":43,"column":56}},"12":{"start":{"line":45,"column":8},"end":{"line":51,"column":9}},"13":{"start":{"line":46,"column":12},"end":{"line":46,"column":62}},"14":{"start":{"line":48,"column":12},"end":{"line":48,"column":35}},"15":{"start":{"line":49,"column":12},"end":{"line":49,"column":49}},"16":{"start":{"line":50,"column":12},"end":{"line":50,"column":43}}},"branchMap":{"1":{"line":25,"type":"binary-expr","locations":[{"start":{"line":25,"column":23},"end":{"line":25,"column":62}},{"start":{"line":26,"column":20},"end":{"line":26,"column":70}},{"start":{"line":27,"column":20},"end":{"line":27,"column":71}},{"start":{"line":28,"column":20},"end":{"line":28,"column":29}}]},"2":{"line":30,"type":"binary-expr","locations":[{"start":{"line":30,"column":23},"end":{"line":30,"column":37}},{"start":{"line":31,"column":20},"end":{"line":31,"column":61}},{"start":{"line":32,"column":20},"end":{"line":32,"column":70}},{"start":{"line":33,"column":20},"end":{"line":33,"column":26}}]},"3":{"line":37,"type":"cond-expr","locations":[{"start":{"line":38,"column":14},"end":{"line":38,"column":20}},{"start":{"line":39,"column":14},"end":{"line":39,"column":20}}]},"4":{"line":41,"type":"binary-expr","locations":[{"start":{"line":41,"column":16},"end":{"line":41,"column":44}},{"start":{"line":41,"column":48},"end":{"line":41,"column":53}}]},"5":{"line":45,"type":"if","locations":[{"start":{"line":45,"column":8},"end":{"line":45,"column":8}},{"start":{"line":45,"column":8},"end":{"line":45,"column":8}}]}},"code":["/* istanbul instrument in package npmtest_fullpage_js */","/*jslint","    bitwise: true,","    browser: true,","    maxerr: 8,","    maxlen: 96,","    node: true,","    nomen: true,","    regexp: true,","    stupid: true","*/","(function () {","    'use strict';","    var local;","","","","    // run shared js-env code - pre-init","    (function () {","        // init local","        local = {};","        // init modeJs","        local.modeJs = (function () {","            try {","                return typeof navigator.userAgent === 'string' &&","                    typeof document.querySelector('body') === 'object' &&","                    typeof XMLHttpRequest.prototype.open === 'function' &&","                    'browser';","            } catch (errorCaughtBrowser) {","                return module.exports &&","                    typeof process.versions.node === 'string' &&","                    typeof require('http').createServer === 'function' &&","                    'node';","            }","        }());","        // init global","        local.global = local.modeJs === 'browser'","            ? window","            : global;","        // init utility2_rollup","        local = local.global.utility2_rollup || local;","        // init lib","        local.local = local.npmtest_fullpage_js = local;","        // init exports","        if (local.modeJs === 'browser') {","            local.global.utility2_npmtest_fullpage_js = local;","        } else {","            module.exports = local;","            module.exports.__dirname = __dirname;","            module.exports.module = module;","        }","    }());","}());",""],"l":{"12":2,"14":2,"19":2,"21":2,"23":2,"24":2,"25":2,"30":1,"37":2,"41":2,"43":2,"45":2,"46":1,"48":1,"49":1,"50":1}},"/home/travis/build/npmtest/node-npmtest-fullpage.js/example.js":{"path":"/home/travis/build/npmtest/node-npmtest-fullpage.js/example.js","s":{"1":2,"2":2,"3":2,"4":2,"5":2,"6":2,"7":2,"8":1,"9":2,"10":2,"11":2,"12":2,"13":1,"14":2,"15":2,"16":2,"17":2,"18":2,"19":0,"20":2,"21":1,"22":1,"23":1,"24":1,"25":1,"26":0,"27":0,"28":1,"29":1,"30":2,"31":0,"32":0,"33":0,"34":1,"35":2,"36":2,"37":3,"38":3,"39":3,"40":3,"41":0,"42":3,"43":3,"44":3,"45":1,"46":3,"47":1,"48":1,"49":1,"50":1,"51":1,"52":1,"53":1,"54":1,"55":1,"56":1,"57":0,"58":1,"59":6,"60":6,"61":1,"62":2,"63":0,"64":2,"65":1,"66":1,"67":0,"68":0,"69":0,"70":0,"71":0,"72":0,"73":0,"74":0,"75":0,"76":0,"77":0,"78":0,"79":0,"80":0,"81":0,"82":0,"83":0},"b":{"1":[2,1,1,1],"2":[1,1,1,1],"3":[1,1],"4":[2,2],"5":[1,1],"6":[1,1],"7":[2,0],"8":[2,1,1,1,1,1],"9":[0,2,0],"10":[1,1],"11":[2,1,1],"12":[1,0],"13":[0,2],"14":[2,0,0,0,0,0,0],"15":[0,3],"16":[3,0],"17":[1,1],"18":[0,1],"19":[1,2,0,2],"20":[1,0],"21":[1,1],"22":[0,0],"23":[0,0],"24":[0,0],"25":[0,0],"26":[0,0],"27":[0,0],"28":[0,0]},"f":{"1":2,"2":2,"3":2,"4":2,"5":2,"6":2,"7":3,"8":3,"9":3,"10":1,"11":6,"12":0},"fnMap":{"1":{"name":"(anonymous_1)","line":26,"loc":{"start":{"line":26,"column":1},"end":{"line":26,"column":13}}},"2":{"name":"(anonymous_2)","line":33,"loc":{"start":{"line":33,"column":5},"end":{"line":33,"column":17}}},"3":{"name":"(anonymous_3)","line":37,"loc":{"start":{"line":37,"column":24},"end":{"line":37,"column":36}}},"4":{"name":"(anonymous_4)","line":69,"loc":{"start":{"line":69,"column":31},"end":{"line":69,"column":48}},"skip":true},"5":{"name":"(anonymous_5)","line":78,"loc":{"start":{"line":78,"column":26},"end":{"line":78,"column":45}},"skip":true},"6":{"name":"(anonymous_6)","line":123,"loc":{"start":{"line":123,"column":33},"end":{"line":123,"column":48}},"skip":true},"7":{"name":"(anonymous_7)","line":125,"loc":{"start":{"line":125,"column":27},"end":{"line":125,"column":39}},"skip":true},"8":{"name":"(anonymous_8)","line":133,"loc":{"start":{"line":133,"column":59},"end":{"line":133,"column":74}},"skip":true},"9":{"name":"(anonymous_9)","line":143,"loc":{"start":{"line":143,"column":45},"end":{"line":143,"column":62}},"skip":true},"10":{"name":"(anonymous_10)","line":144,"loc":{"start":{"line":144,"column":73},"end":{"line":144,"column":92}},"skip":true},"11":{"name":"(anonymous_11)","line":272,"loc":{"start":{"line":272,"column":51},"end":{"line":272,"column":77}},"skip":true},"12":{"name":"(anonymous_12)","line":315,"loc":{"start":{"line":315,"column":32},"end":{"line":315,"column":61}},"skip":true}},"statementMap":{"1":{"start":{"line":26,"column":0},"end":{"line":326,"column":5}},"2":{"start":{"line":28,"column":4},"end":{"line":28,"column":14}},"3":{"start":{"line":33,"column":4},"end":{"line":60,"column":9}},"4":{"start":{"line":35,"column":8},"end":{"line":35,"column":19}},"5":{"start":{"line":37,"column":8},"end":{"line":49,"column":13}},"6":{"start":{"line":38,"column":12},"end":{"line":48,"column":13}},"7":{"start":{"line":39,"column":16},"end":{"line":42,"column":30}},"8":{"start":{"line":44,"column":16},"end":{"line":47,"column":27}},"9":{"start":{"line":51,"column":8},"end":{"line":53,"column":21}},"10":{"start":{"line":55,"column":8},"end":{"line":57,"column":45}},"11":{"start":{"line":59,"column":8},"end":{"line":59,"column":35}},"12":{"start":{"line":61,"column":4},"end":{"line":325,"column":5}},"13":{"start":{"line":69,"column":8},"end":{"line":121,"column":10},"skip":true},"14":{"start":{"line":70,"column":12},"end":{"line":88,"column":13},"skip":true},"15":{"start":{"line":76,"column":16},"end":{"line":87,"column":19},"skip":true},"16":{"start":{"line":79,"column":20},"end":{"line":86,"column":21},"skip":true},"17":{"start":{"line":82,"column":24},"end":{"line":82,"column":43},"skip":true},"18":{"start":{"line":83,"column":24},"end":{"line":83,"column":30},"skip":true},"19":{"start":{"line":85,"column":24},"end":{"line":85,"column":49},"skip":true},"20":{"start":{"line":89,"column":12},"end":{"line":107,"column":13},"skip":true},"21":{"start":{"line":92,"column":16},"end":{"line":102,"column":17},"skip":true},"22":{"start":{"line":93,"column":20},"end":{"line":93,"column":86},"skip":true},"23":{"start":{"line":94,"column":20},"end":{"line":95,"column":45},"skip":true},"24":{"start":{"line":96,"column":20},"end":{"line":96,"column":42},"skip":true},"25":{"start":{"line":97,"column":20},"end":{"line":97,"column":48},"skip":true},"26":{"start":{"line":100,"column":20},"end":{"line":100,"column":85},"skip":true},"27":{"start":{"line":101,"column":20},"end":{"line":101,"column":96},"skip":true},"28":{"start":{"line":103,"column":16},"end":{"line":103,"column":22},"skip":true},"29":{"start":{"line":106,"column":16},"end":{"line":106,"column":22},"skip":true},"30":{"start":{"line":108,"column":12},"end":{"line":120,"column":13},"skip":true},"31":{"start":{"line":114,"column":16},"end":{"line":119,"column":17},"skip":true},"32":{"start":{"line":116,"column":20},"end":{"line":116,"column":78},"skip":true},"33":{"start":{"line":118,"column":20},"end":{"line":118,"column":47},"skip":true},"34":{"start":{"line":123,"column":8},"end":{"line":141,"column":11},"skip":true},"35":{"start":{"line":124,"column":12},"end":{"line":124,"column":54},"skip":true},"36":{"start":{"line":125,"column":12},"end":{"line":140,"column":14},"skip":true},"37":{"start":{"line":126,"column":16},"end":{"line":126,"column":28},"skip":true},"38":{"start":{"line":127,"column":16},"end":{"line":127,"column":69},"skip":true},"39":{"start":{"line":128,"column":16},"end":{"line":128,"column":75},"skip":true},"40":{"start":{"line":129,"column":16},"end":{"line":131,"column":17},"skip":true},"41":{"start":{"line":130,"column":20},"end":{"line":130,"column":27},"skip":true},"42":{"start":{"line":133,"column":16},"end":{"line":137,"column":36},"skip":true},"43":{"start":{"line":134,"column":20},"end":{"line":136,"column":55},"skip":true},"44":{"start":{"line":139,"column":16},"end":{"line":139,"column":57},"skip":true},"45":{"start":{"line":143,"column":8},"end":{"line":147,"column":11},"skip":true},"46":{"start":{"line":144,"column":12},"end":{"line":146,"column":15},"skip":true},"47":{"start":{"line":145,"column":16},"end":{"line":145,"column":70},"skip":true},"48":{"start":{"line":149,"column":8},"end":{"line":149,"column":31},"skip":true},"49":{"start":{"line":150,"column":8},"end":{"line":150,"column":14},"skip":true},"50":{"start":{"line":158,"column":8},"end":{"line":158,"column":31},"skip":true},"51":{"start":{"line":160,"column":8},"end":{"line":160,"column":33},"skip":true},"52":{"start":{"line":161,"column":8},"end":{"line":161,"column":37},"skip":true},"53":{"start":{"line":162,"column":8},"end":{"line":162,"column":35},"skip":true},"54":{"start":{"line":164,"column":8},"end":{"line":164,"column":50},"skip":true},"55":{"start":{"line":166,"column":8},"end":{"line":256,"column":2},"skip":true},"56":{"start":{"line":258,"column":8},"end":{"line":286,"column":9},"skip":true},"57":{"start":{"line":259,"column":12},"end":{"line":269,"column":14},"skip":true},"58":{"start":{"line":271,"column":12},"end":{"line":285,"column":19},"skip":true},"59":{"start":{"line":274,"column":20},"end":{"line":274,"column":35},"skip":true},"60":{"start":{"line":275,"column":20},"end":{"line":284,"column":21},"skip":true},"61":{"start":{"line":277,"column":24},"end":{"line":277,"column":64},"skip":true},"62":{"start":{"line":279,"column":24},"end":{"line":279,"column":40},"skip":true},"63":{"start":{"line":281,"column":24},"end":{"line":281,"column":40},"skip":true},"64":{"start":{"line":283,"column":24},"end":{"line":283,"column":39},"skip":true},"65":{"start":{"line":288,"column":8},"end":{"line":290,"column":9},"skip":true},"66":{"start":{"line":289,"column":12},"end":{"line":289,"column":18},"skip":true},"67":{"start":{"line":291,"column":8},"end":{"line":293,"column":54},"skip":true},"68":{"start":{"line":296,"column":8},"end":{"line":301,"column":37},"skip":true},"69":{"start":{"line":303,"column":8},"end":{"line":303,"column":82},"skip":true},"70":{"start":{"line":306,"column":8},"end":{"line":308,"column":9},"skip":true},"71":{"start":{"line":307,"column":12},"end":{"line":307,"column":82},"skip":true},"72":{"start":{"line":310,"column":8},"end":{"line":312,"column":9},"skip":true},"73":{"start":{"line":311,"column":12},"end":{"line":311,"column":18},"skip":true},"74":{"start":{"line":313,"column":8},"end":{"line":313,"column":54},"skip":true},"75":{"start":{"line":314,"column":8},"end":{"line":314,"column":69},"skip":true},"76":{"start":{"line":315,"column":8},"end":{"line":323,"column":36},"skip":true},"77":{"start":{"line":316,"column":12},"end":{"line":316,"column":61},"skip":true},"78":{"start":{"line":317,"column":12},"end":{"line":320,"column":13},"skip":true},"79":{"start":{"line":318,"column":16},"end":{"line":318,"column":75},"skip":true},"80":{"start":{"line":319,"column":16},"end":{"line":319,"column":23},"skip":true},"81":{"start":{"line":321,"column":12},"end":{"line":321,"column":38},"skip":true},"82":{"start":{"line":322,"column":12},"end":{"line":322,"column":27},"skip":true},"83":{"start":{"line":324,"column":8},"end":{"line":324,"column":14},"skip":true}},"branchMap":{"1":{"line":39,"type":"binary-expr","locations":[{"start":{"line":39,"column":23},"end":{"line":39,"column":62}},{"start":{"line":40,"column":20},"end":{"line":40,"column":70}},{"start":{"line":41,"column":20},"end":{"line":41,"column":71}},{"start":{"line":42,"column":20},"end":{"line":42,"column":29}}]},"2":{"line":44,"type":"binary-expr","locations":[{"start":{"line":44,"column":23},"end":{"line":44,"column":37}},{"start":{"line":45,"column":20},"end":{"line":45,"column":61}},{"start":{"line":46,"column":20},"end":{"line":46,"column":70}},{"start":{"line":47,"column":20},"end":{"line":47,"column":26}}]},"3":{"line":51,"type":"cond-expr","locations":[{"start":{"line":52,"column":14},"end":{"line":52,"column":20}},{"start":{"line":53,"column":14},"end":{"line":53,"column":20}}]},"4":{"line":55,"type":"binary-expr","locations":[{"start":{"line":55,"column":16},"end":{"line":55,"column":44}},{"start":{"line":55,"column":49},"end":{"line":57,"column":43}}]},"5":{"line":55,"type":"cond-expr","locations":[{"start":{"line":56,"column":14},"end":{"line":56,"column":55}},{"start":{"line":57,"column":14},"end":{"line":57,"column":43}}]},"6":{"line":61,"type":"switch","locations":[{"start":{"line":68,"column":4},"end":{"line":150,"column":14},"skip":true},{"start":{"line":156,"column":4},"end":{"line":324,"column":14},"skip":true}]},"7":{"line":70,"type":"if","locations":[{"start":{"line":70,"column":12},"end":{"line":70,"column":12},"skip":true},{"start":{"line":70,"column":12},"end":{"line":70,"column":12},"skip":true}]},"8":{"line":70,"type":"binary-expr","locations":[{"start":{"line":70,"column":16},"end":{"line":70,"column":22},"skip":true},{"start":{"line":70,"column":27},"end":{"line":70,"column":32},"skip":true},{"start":{"line":71,"column":20},"end":{"line":71,"column":39},"skip":true},{"start":{"line":72,"column":20},"end":{"line":72,"column":49},"skip":true},{"start":{"line":73,"column":20},"end":{"line":73,"column":58},"skip":true},{"start":{"line":74,"column":20},"end":{"line":74,"column":69},"skip":true}]},"9":{"line":79,"type":"switch","locations":[{"start":{"line":80,"column":20},"end":{"line":80,"column":33},"skip":true},{"start":{"line":81,"column":20},"end":{"line":83,"column":30},"skip":true},{"start":{"line":84,"column":20},"end":{"line":85,"column":49},"skip":true}]},"10":{"line":89,"type":"switch","locations":[{"start":{"line":90,"column":12},"end":{"line":103,"column":22},"skip":true},{"start":{"line":105,"column":12},"end":{"line":106,"column":22},"skip":true}]},"11":{"line":89,"type":"binary-expr","locations":[{"start":{"line":89,"column":20},"end":{"line":89,"column":25},"skip":true},{"start":{"line":89,"column":29},"end":{"line":89,"column":48},"skip":true},{"start":{"line":89,"column":52},"end":{"line":89,"column":74},"skip":true}]},"12":{"line":92,"type":"if","locations":[{"start":{"line":92,"column":16},"end":{"line":92,"column":16},"skip":true},{"start":{"line":92,"column":16},"end":{"line":92,"column":16},"skip":true}]},"13":{"line":108,"type":"if","locations":[{"start":{"line":108,"column":12},"end":{"line":108,"column":12},"skip":true},{"start":{"line":108,"column":12},"end":{"line":108,"column":12},"skip":true}]},"14":{"line":108,"type":"binary-expr","locations":[{"start":{"line":108,"column":16},"end":{"line":108,"column":61},"skip":true},{"start":{"line":108,"column":66},"end":{"line":108,"column":72},"skip":true},{"start":{"line":108,"column":77},"end":{"line":108,"column":82},"skip":true},{"start":{"line":109,"column":20},"end":{"line":109,"column":39},"skip":true},{"start":{"line":110,"column":20},"end":{"line":110,"column":49},"skip":true},{"start":{"line":111,"column":20},"end":{"line":111,"column":58},"skip":true},{"start":{"line":112,"column":20},"end":{"line":112,"column":68},"skip":true}]},"15":{"line":129,"type":"if","locations":[{"start":{"line":129,"column":16},"end":{"line":129,"column":16},"skip":true},{"start":{"line":129,"column":16},"end":{"line":129,"column":16},"skip":true}]},"16":{"line":134,"type":"cond-expr","locations":[{"start":{"line":135,"column":26},"end":{"line":135,"column":29},"skip":true},{"start":{"line":136,"column":26},"end":{"line":136,"column":54},"skip":true}]},"17":{"line":164,"type":"binary-expr","locations":[{"start":{"line":164,"column":27},"end":{"line":164,"column":43},"skip":true},{"start":{"line":164,"column":47},"end":{"line":164,"column":49},"skip":true}]},"18":{"line":258,"type":"if","locations":[{"start":{"line":258,"column":8},"end":{"line":258,"column":8},"skip":true},{"start":{"line":258,"column":8},"end":{"line":258,"column":8},"skip":true}]},"19":{"line":275,"type":"switch","locations":[{"start":{"line":276,"column":20},"end":{"line":277,"column":64},"skip":true},{"start":{"line":278,"column":20},"end":{"line":279,"column":40},"skip":true},{"start":{"line":280,"column":20},"end":{"line":281,"column":40},"skip":true},{"start":{"line":282,"column":20},"end":{"line":283,"column":39},"skip":true}]},"20":{"line":288,"type":"if","locations":[{"start":{"line":288,"column":8},"end":{"line":288,"column":8},"skip":true},{"start":{"line":288,"column":8},"end":{"line":288,"column":8},"skip":true}]},"21":{"line":288,"type":"binary-expr","locations":[{"start":{"line":288,"column":12},"end":{"line":288,"column":40},"skip":true},{"start":{"line":288,"column":44},"end":{"line":288,"column":67},"skip":true}]},"22":{"line":292,"type":"binary-expr","locations":[{"start":{"line":292,"column":12},"end":{"line":292,"column":50},"skip":true},{"start":{"line":293,"column":12},"end":{"line":293,"column":53},"skip":true}]},"23":{"line":297,"type":"binary-expr","locations":[{"start":{"line":297,"column":12},"end":{"line":297,"column":69},"skip":true},{"start":{"line":298,"column":12},"end":{"line":301,"column":36},"skip":true}]},"24":{"line":303,"type":"binary-expr","locations":[{"start":{"line":303,"column":43},"end":{"line":303,"column":75},"skip":true},{"start":{"line":303,"column":79},"end":{"line":303,"column":81},"skip":true}]},"25":{"line":306,"type":"if","locations":[{"start":{"line":306,"column":8},"end":{"line":306,"column":8},"skip":true},{"start":{"line":306,"column":8},"end":{"line":306,"column":8},"skip":true}]},"26":{"line":310,"type":"if","locations":[{"start":{"line":310,"column":8},"end":{"line":310,"column":8},"skip":true},{"start":{"line":310,"column":8},"end":{"line":310,"column":8},"skip":true}]},"27":{"line":313,"type":"binary-expr","locations":[{"start":{"line":313,"column":27},"end":{"line":313,"column":43},"skip":true},{"start":{"line":313,"column":47},"end":{"line":313,"column":53},"skip":true}]},"28":{"line":317,"type":"if","locations":[{"start":{"line":317,"column":12},"end":{"line":317,"column":12},"skip":true},{"start":{"line":317,"column":12},"end":{"line":317,"column":12},"skip":true}]}},"code":["/*","example.js","","quickstart example","","instruction","    1. save this script as example.js","    2. run the shell command:","        $ npm install npmtest-fullpage.js && PORT=8081 node example.js","    3. play with the browser-demo on http://127.0.0.1:8081","*/","","","","/* istanbul instrument in package npmtest_fullpage_js */","/*jslint","    bitwise: true,","    browser: true,","    maxerr: 8,","    maxlen: 96,","    node: true,","    nomen: true,","    regexp: true,","    stupid: true","*/","(function () {","    'use strict';","    var local;","","","","    // run shared js-env code - pre-init","    (function () {","        // init local","        local = {};","        // init modeJs","        local.modeJs = (function () {","            try {","                return typeof navigator.userAgent === 'string' &&","                    typeof document.querySelector('body') === 'object' &&","                    typeof XMLHttpRequest.prototype.open === 'function' &&","                    'browser';","            } catch (errorCaughtBrowser) {","                return module.exports &&","                    typeof process.versions.node === 'string' &&","                    typeof require('http').createServer === 'function' &&","                    'node';","            }","        }());","        // init global","        local.global = local.modeJs === 'browser'","            ? window","            : global;","        // init utility2_rollup","        local = local.global.utility2_rollup || (local.modeJs === 'browser'","            ? local.global.utility2_npmtest_fullpage_js","            : global.utility2_moduleExports);","        // export local","        local.global.local = local;","    }());","    switch (local.modeJs) {","","","","    // post-init","    // run browser js-env code - post-init","    /* istanbul ignore next */","    case 'browser':","        local.testRunBrowser = function (event) {","            if (!event || (event &&","                    event.currentTarget &&","                    event.currentTarget.className &&","                    event.currentTarget.className.includes &&","                    event.currentTarget.className.includes('onreset'))) {","                // reset output","                Array.from(","                    document.querySelectorAll('body > .resettable')","                ).forEach(function (element) {","                    switch (element.tagName) {","                    case 'INPUT':","                    case 'TEXTAREA':","                        element.value = '';","                        break;","                    default:","                        element.textContent = '';","                    }","                });","            }","            switch (event && event.currentTarget && event.currentTarget.id) {","            case 'testRunButton1':","                // show tests","                if (document.querySelector('#testReportDiv1').style.display === 'none') {","                    document.querySelector('#testReportDiv1').style.display = 'block';","                    document.querySelector('#testRunButton1').textContent =","                        'hide internal test';","                    local.modeTest = true;","                    local.testRunDefault(local);","                // hide tests","                } else {","                    document.querySelector('#testReportDiv1').style.display = 'none';","                    document.querySelector('#testRunButton1').textContent = 'run internal test';","                }","                break;","            // custom-case","            default:","                break;","            }","            if (document.querySelector('#inputTextareaEval1') && (!event || (event &&","                    event.currentTarget &&","                    event.currentTarget.className &&","                    event.currentTarget.className.includes &&","                    event.currentTarget.className.includes('oneval')))) {","                // try to eval input-code","                try {","                    /*jslint evil: true*/","                    eval(document.querySelector('#inputTextareaEval1').value);","                } catch (errorCaught) {","                    console.error(errorCaught);","                }","            }","        };","        // log stderr and stdout to #outputTextareaStdout1","        ['error', 'log'].forEach(function (key) {","            console[key + '_original'] = console[key];","            console[key] = function () {","                var element;","                console[key + '_original'].apply(console, arguments);","                element = document.querySelector('#outputTextareaStdout1');","                if (!element) {","                    return;","                }","                // append text to #outputTextareaStdout1","                element.value += Array.from(arguments).map(function (arg) {","                    return typeof arg === 'string'","                        ? arg","                        : JSON.stringify(arg, null, 4);","                }).join(' ') + '\\n';","                // scroll textarea to bottom","                element.scrollTop = element.scrollHeight;","            };","        });","        // init event-handling","        ['change', 'click', 'keyup'].forEach(function (event) {","            Array.from(document.querySelectorAll('.on' + event)).forEach(function (element) {","                element.addEventListener(event, local.testRunBrowser);","            });","        });","        // run tests","        local.testRunBrowser();","        break;","","","","    // run node js-env code - post-init","    /* istanbul ignore next */","    case 'node':","        // export local","        module.exports = local;","        // require modules","        local.fs = require('fs');","        local.http = require('http');","        local.url = require('url');","        // init assets","        local.assetsDict = local.assetsDict || {};","        /* jslint-ignore-begin */","        local.assetsDict['/assets.index.template.html'] = '\\","<!doctype html>\\n\\","<html lang=\"en\">\\n\\","<head>\\n\\","<meta charset=\"UTF-8\">\\n\\","<meta name=\"viewport\" content=\"width=device-width, initial-scale=1\">\\n\\","<title>{{env.npm_package_name}} (v{{env.npm_package_version}})</title>\\n\\","<style>\\n\\","/*csslint\\n\\","    box-sizing: false,\\n\\","    universal-selector: false\\n\\","*/\\n\\","* {\\n\\","    box-sizing: border-box;\\n\\","}\\n\\","body {\\n\\","    background: #dde;\\n\\","    font-family: Arial, Helvetica, sans-serif;\\n\\","    margin: 2rem;\\n\\","}\\n\\","body > * {\\n\\","    margin-bottom: 1rem;\\n\\","}\\n\\",".utility2FooterDiv {\\n\\","    margin-top: 20px;\\n\\","    text-align: center;\\n\\","}\\n\\","</style>\\n\\","<style>\\n\\","/*csslint\\n\\","*/\\n\\","textarea {\\n\\","    font-family: monospace;\\n\\","    height: 10rem;\\n\\","    width: 100%;\\n\\","}\\n\\","textarea[readonly] {\\n\\","    background: #ddd;\\n\\","}\\n\\","</style>\\n\\","</head>\\n\\","<body>\\n\\","<!-- utility2-comment\\n\\","<div id=\"ajaxProgressDiv1\" style=\"background: #d00; height: 2px; left: 0; margin: 0; padding: 0; position: fixed; top: 0; transition: background 0.5s, width 1.5s; width: 25%;\"></div>\\n\\","utility2-comment -->\\n\\","<h1>\\n\\","<!-- utility2-comment\\n\\","    <a\\n\\","        {{#if env.npm_package_homepage}}\\n\\","        href=\"{{env.npm_package_homepage}}\"\\n\\","        {{/if env.npm_package_homepage}}\\n\\","        target=\"_blank\"\\n\\","    >\\n\\","utility2-comment -->\\n\\","        {{env.npm_package_name}} (v{{env.npm_package_version}})\\n\\","<!-- utility2-comment\\n\\","    </a>\\n\\","utility2-comment -->\\n\\","</h1>\\n\\","<h3>{{env.npm_package_description}}</h3>\\n\\","<!-- utility2-comment\\n\\","<h4><a download href=\"assets.app.js\">download standalone app</a></h4>\\n\\","<button class=\"onclick onreset\" id=\"testRunButton1\">run internal test</button><br>\\n\\","<div id=\"testReportDiv1\" style=\"display: none;\"></div>\\n\\","utility2-comment -->\\n\\","\\n\\","\\n\\","\\n\\","<label>stderr and stdout</label>\\n\\","<textarea class=\"resettable\" id=\"outputTextareaStdout1\" readonly></textarea>\\n\\","<!-- utility2-comment\\n\\","{{#if isRollup}}\\n\\","<script src=\"assets.app.js\"></script>\\n\\","{{#unless isRollup}}\\n\\","utility2-comment -->\\n\\","<script src=\"assets.utility2.rollup.js\"></script>\\n\\","<script src=\"jsonp.utility2._stateInit?callback=window.utility2._stateInit\"></script>\\n\\","<script src=\"assets.npmtest_fullpage_js.rollup.js\"></script>\\n\\","<script src=\"assets.example.js\"></script>\\n\\","<script src=\"assets.test.js\"></script>\\n\\","<!-- utility2-comment\\n\\","{{/if isRollup}}\\n\\","utility2-comment -->\\n\\","<div class=\"utility2FooterDiv\">\\n\\","    [ this app was created with\\n\\","    <a href=\"https://github.com/kaizhu256/node-utility2\" target=\"_blank\">utility2</a>\\n\\","    ]\\n\\","</div>\\n\\","</body>\\n\\","</html>\\n\\","';","        /* jslint-ignore-end */","        if (local.templateRender) {","            local.assetsDict['/'] = local.templateRender(","                local.assetsDict['/assets.index.template.html'],","                {","                    env: local.objectSetDefault(local.env, {","                        npm_package_description: 'the greatest app in the world!',","                        npm_package_name: 'my-app',","                        npm_package_nameAlias: 'my_app',","                        npm_package_version: '0.0.1'","                    })","                }","            );","        } else {","            local.assetsDict['/'] = local.assetsDict['/assets.index.template.html']","                .replace((/\\{\\{env\\.(\\w+?)\\}\\}/g), function (match0, match1) {","                    // jslint-hack","                    String(match0);","                    switch (match1) {","                    case 'npm_package_description':","                        return 'the greatest app in the world!';","                    case 'npm_package_name':","                        return 'my-app';","                    case 'npm_package_nameAlias':","                        return 'my_app';","                    case 'npm_package_version':","                        return '0.0.1';","                    }","                });","        }","        // run the cli","        if (local.global.utility2_rollup || module !== require.main) {","            break;","        }","        local.assetsDict['/assets.example.js'] =","            local.assetsDict['/assets.example.js'] ||","            local.fs.readFileSync(__filename, 'utf8');","        // bug-workaround - long $npm_package_buildCustomOrg","        /* jslint-ignore-begin */","        local.assetsDict['/assets.npmtest_fullpage_js.rollup.js'] =","            local.assetsDict['/assets.npmtest_fullpage_js.rollup.js'] ||","            local.fs.readFileSync(","                local.npmtest_fullpage_js.__dirname + '/lib.npmtest_fullpage_js.js',","                'utf8'","            ).replace((/^#!/), '//');","        /* jslint-ignore-end */","        local.assetsDict['/favicon.ico'] = local.assetsDict['/favicon.ico'] || '';","        // if $npm_config_timeout_exit exists,","        // then exit this process after $npm_config_timeout_exit ms","        if (Number(process.env.npm_config_timeout_exit)) {","            setTimeout(process.exit, Number(process.env.npm_config_timeout_exit));","        }","        // start server","        if (local.global.utility2_serverHttp1) {","            break;","        }","        process.env.PORT = process.env.PORT || '8081';","        console.error('server starting on port ' + process.env.PORT);","        local.http.createServer(function (request, response) {","            request.urlParsed = local.url.parse(request.url);","            if (local.assetsDict[request.urlParsed.pathname] !== undefined) {","                response.end(local.assetsDict[request.urlParsed.pathname]);","                return;","            }","            response.statusCode = 404;","            response.end();","        }).listen(process.env.PORT);","        break;","    }","}());",""],"l":{"26":2,"28":2,"33":2,"35":2,"37":2,"38":2,"39":2,"44":1,"51":2,"55":2,"59":2,"61":2,"69":1,"70":2,"76":2,"79":2,"82":2,"83":2,"85":1,"89":2,"92":1,"93":1,"94":1,"96":1,"97":1,"100":1,"101":1,"103":1,"106":1,"108":2,"114":1,"116":1,"118":1,"123":1,"124":2,"125":2,"126":3,"127":3,"128":3,"129":3,"130":1,"133":3,"134":3,"139":3,"143":1,"144":3,"145":1,"149":1,"150":1,"158":1,"160":1,"161":1,"162":1,"164":1,"166":1,"258":1,"259":1,"271":1,"274":6,"275":6,"277":1,"279":2,"281":1,"283":2,"288":1,"289":1,"291":1,"296":1,"303":1,"306":1,"307":1,"310":1,"311":1,"313":1,"314":1,"315":1,"316":1,"317":1,"318":1,"319":1,"321":1,"322":1,"324":1}},"/home/travis/build/npmtest/node-npmtest-fullpage.js/node_modules/fullpage.js/dist/jquery.fullpage.js":{"path":"/home/travis/build/npmtest/node-npmtest-fullpage.js/node_modules/fullpage.js/dist/jquery.fullpage.js","s":{"1":2,"2":2,"3":0,"4":0,"5":2,"6":2,"7":0,"8":2,"9":2,"10":2,"11":2,"12":2,"13":2,"14":2,"15":2,"16":2,"17":2,"18":2,"19":2,"20":2,"21":2,"22":2,"23":2,"24":2,"25":2,"26":2,"27":2,"28":2,"29":2,"30":2,"31":2,"32":2,"33":2,"34":2,"35":2,"36":2,"37":2,"38":2,"39":2,"40":2,"41":2,"42":2,"43":2,"44":2,"45":2,"46":2,"47":2,"48":2,"49":2,"50":2,"51":2,"52":2,"53":2,"54":2,"55":2,"56":2,"57":2,"58":2,"59":2,"60":2,"61":0,"62":0,"63":0,"64":0,"65":0,"66":0,"67":0,"68":0,"69":0,"70":0,"71":0,"72":0,"73":0,"74":0,"75":0,"76":0,"77":0,"78":0,"79":0,"80":0,"81":0,"82":0,"83":0,"84":0,"85":0,"86":0,"87":0,"88":0,"89":0,"90":0,"91":0,"92":0,"93":0,"94":0,"95":0,"96":0,"97":0,"98":0,"99":0,"100":0,"101":0,"102":0,"103":1,"104":0,"105":0,"106":0,"107":0,"108":0,"109":0,"110":0,"111":0,"112":0,"113":0,"114":0,"115":0,"116":0,"117":0,"118":0,"119":1,"120":0,"121":1,"122":0,"123":1,"124":0,"125":1,"126":0,"127":1,"128":0,"129":0,"130":0,"131":0,"132":0,"133":1,"134":0,"135":0,"136":0,"137":0,"138":0,"139":0,"140":0,"141":0,"142":0,"143":1,"144":0,"145":0,"146":0,"147":0,"148":0,"149":1,"150":0,"151":0,"152":0,"153":0,"154":0,"155":1,"156":0,"157":0,"158":0,"159":0,"160":0,"161":1,"162":0,"163":0,"164":0,"165":1,"166":0,"167":0,"168":0,"169":0,"170":0,"171":1,"172":0,"173":1,"174":0,"175":1,"176":0,"177":0,"178":0,"179":0,"180":0,"181":0,"182":0,"183":0,"184":0,"185":0,"186":0,"187":0,"188":0,"189":0,"190":0,"191":0,"192":0,"193":0,"194":0,"195":0,"196":0,"197":0,"198":0,"199":0,"200":1,"201":0,"202":0,"203":0,"204":0,"205":0,"206":0,"207":0,"208":0,"209":0,"210":0,"211":0,"212":0,"213":0,"214":0,"215":0,"216":0,"217":0,"218":0,"219":0,"220":0,"221":0,"222":0,"223":0,"224":0,"225":0,"226":0,"227":0,"228":0,"229":0,"230":0,"231":0,"232":0,"233":0,"234":0,"235":0,"236":1,"237":0,"238":0,"239":0,"240":0,"241":0,"242":0,"243":0,"244":0,"245":0,"246":0,"247":0,"248":0,"249":1,"250":0,"251":0,"252":0,"253":0,"254":0,"255":0,"256":0,"257":0,"258":1,"259":0,"260":0,"261":0,"262":0,"263":0,"264":0,"265":0,"266":1,"267":0,"268":0,"269":0,"270":0,"271":0,"272":0,"273":0,"274":0,"275":0,"276":0,"277":0,"278":0,"279":0,"280":0,"281":0,"282":0,"283":0,"284":0,"285":0,"286":0,"287":0,"288":0,"289":0,"290":0,"291":0,"292":0,"293":1,"294":0,"295":0,"296":0,"297":0,"298":0,"299":0,"300":0,"301":0,"302":0,"303":0,"304":0,"305":0,"306":0,"307":0,"308":0,"309":0,"310":0,"311":0,"312":1,"313":0,"314":0,"315":0,"316":0,"317":0,"318":0,"319":0,"320":0,"321":0,"322":0,"323":0,"324":0,"325":1,"326":0,"327":0,"328":0,"329":0,"330":0,"331":1,"332":0,"333":0,"334":1,"335":0,"336":0,"337":0,"338":0,"339":0,"340":0,"341":1,"342":0,"343":0,"344":0,"345":0,"346":0,"347":0,"348":0,"349":0,"350":0,"351":0,"352":0,"353":0,"354":0,"355":0,"356":0,"357":0,"358":1,"359":0,"360":0,"361":0,"362":0,"363":0,"364":0,"365":0,"366":1,"367":0,"368":0,"369":1,"370":0,"371":0,"372":1,"373":0,"374":1,"375":0,"376":0,"377":0,"378":0,"379":0,"380":0,"381":0,"382":0,"383":0,"384":0,"385":1,"386":0,"387":0,"388":0,"389":0,"390":0,"391":1,"392":0,"393":0,"394":0,"395":0,"396":0,"397":0,"398":0,"399":0,"400":0,"401":0,"402":0,"403":0,"404":0,"405":0,"406":0,"407":0,"408":0,"409":0,"410":0,"411":0,"412":0,"413":0,"414":0,"415":0,"416":0,"417":0,"418":0,"419":0,"420":0,"421":0,"422":0,"423":0,"424":0,"425":0,"426":0,"427":0,"428":0,"429":0,"430":0,"431":0,"432":0,"433":0,"434":0,"435":0,"436":0,"437":0,"438":0,"439":0,"440":0,"441":0,"442":0,"443":0,"444":1,"445":0,"446":0,"447":0,"448":0,"449":1,"450":0,"451":0,"452":0,"453":0,"454":0,"455":1,"456":0,"457":0,"458":0,"459":0,"460":1,"461":0,"462":0,"463":0,"464":0,"465":0,"466":0,"467":0,"468":0,"469":0,"470":1,"471":0,"472":0,"473":0,"474":0,"475":0,"476":0,"477":0,"478":1,"479":0,"480":0,"481":0,"482":0,"483":0,"484":0,"485":0,"486":0,"487":0,"488":0,"489":0,"490":0,"491":0,"492":0,"493":0,"494":0,"495":0,"496":0,"497":0,"498":0,"499":0,"500":0,"501":1,"502":0,"503":0,"504":0,"505":0,"506":0,"507":0,"508":0,"509":1,"510":0,"511":1,"512":0,"513":0,"514":0,"515":0,"516":0,"517":0,"518":0,"519":1,"520":0,"521":0,"522":0,"523":0,"524":0,"525":0,"526":1,"527":0,"528":0,"529":0,"530":0,"531":0,"532":0,"533":0,"534":0,"535":0,"536":0,"537":0,"538":0,"539":0,"540":0,"541":0,"542":0,"543":0,"544":0,"545":0,"546":0,"547":0,"548":0,"549":0,"550":0,"551":0,"552":0,"553":0,"554":0,"555":0,"556":0,"557":1,"558":0,"559":0,"560":0,"561":0,"562":0,"563":0,"564":0,"565":0,"566":0,"567":0,"568":0,"569":0,"570":0,"571":0,"572":0,"573":0,"574":0,"575":0,"576":1,"577":0,"578":0,"579":0,"580":1,"581":0,"582":0,"583":0,"584":0,"585":0,"586":0,"587":0,"588":0,"589":0,"590":0,"591":0,"592":0,"593":1,"594":0,"595":0,"596":0,"597":0,"598":0,"599":0,"600":0,"601":0,"602":0,"603":0,"604":0,"605":0,"606":0,"607":0,"608":0,"609":0,"610":0,"611":0,"612":0,"613":0,"614":0,"615":0,"616":0,"617":0,"618":0,"619":0,"620":0,"621":1,"622":0,"623":0,"624":0,"625":0,"626":0,"627":0,"628":0,"629":0,"630":0,"631":0,"632":0,"633":0,"634":0,"635":0,"636":1,"637":0,"638":0,"639":0,"640":0,"641":0,"642":0,"643":0,"644":1,"645":0,"646":0,"647":0,"648":0,"649":0,"650":0,"651":0,"652":0,"653":0,"654":1,"655":0,"656":0,"657":0,"658":0,"659":0,"660":0,"661":0,"662":1,"663":0,"664":0,"665":0,"666":0,"667":0,"668":0,"669":0,"670":0,"671":1,"672":0,"673":1,"674":0,"675":0,"676":0,"677":0,"678":0,"679":0,"680":0,"681":0,"682":0,"683":0,"684":0,"685":0,"686":1,"687":0,"688":0,"689":0,"690":0,"691":0,"692":0,"693":0,"694":0,"695":0,"696":0,"697":0,"698":0,"699":1,"700":0,"701":1,"702":0,"703":0,"704":0,"705":0,"706":0,"707":0,"708":0,"709":0,"710":0,"711":1,"712":0,"713":0,"714":0,"715":0,"716":1,"717":0,"718":0,"719":0,"720":0,"721":0,"722":0,"723":0,"724":1,"725":0,"726":0,"727":0,"728":0,"729":0,"730":0,"731":0,"732":0,"733":0,"734":1,"735":0,"736":0,"737":0,"738":0,"739":0,"740":0,"741":0,"742":0,"743":0,"744":0,"745":1,"746":0,"747":1,"748":0,"749":0,"750":1,"751":0,"752":0,"753":0,"754":1,"755":0,"756":0,"757":1,"758":0,"759":0,"760":0,"761":0,"762":0,"763":0,"764":1,"765":0,"766":0,"767":1,"768":0,"769":0,"770":0,"771":1,"772":0,"773":0,"774":0,"775":0,"776":1,"777":0,"778":0,"779":0,"780":0,"781":0,"782":0,"783":0,"784":0,"785":0,"786":0,"787":0,"788":0,"789":0,"790":0,"791":0,"792":0,"793":0,"794":0,"795":0,"796":0,"797":0,"798":0,"799":0,"800":0,"801":0,"802":0,"803":0,"804":1,"805":0,"806":0,"807":0,"808":0,"809":0,"810":0,"811":1,"812":0,"813":0,"814":0,"815":0,"816":0,"817":0,"818":0,"819":0,"820":0,"821":0,"822":0,"823":0,"824":0,"825":0,"826":0,"827":0,"828":0,"829":0,"830":0,"831":0,"832":0,"833":1,"834":0,"835":0,"836":0,"837":0,"838":0,"839":0,"840":1,"841":0,"842":0,"843":0,"844":0,"845":0,"846":0,"847":0,"848":0,"849":1,"850":0,"851":0,"852":0,"853":1,"854":0,"855":0,"856":0,"857":0,"858":0,"859":0,"860":0,"861":0,"862":0,"863":0,"864":0,"865":1,"866":0,"867":0,"868":0,"869":0,"870":0,"871":0,"872":0,"873":0,"874":0,"875":0,"876":1,"877":0,"878":0,"879":0,"880":1,"881":0,"882":1,"883":0,"884":0,"885":0,"886":0,"887":0,"888":1,"889":0,"890":0,"891":0,"892":1,"893":0,"894":0,"895":1,"896":0,"897":0,"898":0,"899":0,"900":0,"901":0,"902":0,"903":1,"904":0,"905":0,"906":0,"907":0,"908":0,"909":1,"910":0,"911":0,"912":0,"913":0,"914":0,"915":0,"916":0,"917":0,"918":0,"919":0,"920":0,"921":0,"922":0,"923":0,"924":0,"925":0,"926":0,"927":0,"928":0,"929":0,"930":0,"931":0,"932":0,"933":1,"934":0,"935":0,"936":1,"937":0,"938":0,"939":0,"940":0,"941":0,"942":0,"943":0,"944":0,"945":1,"946":0,"947":0,"948":0,"949":0,"950":0,"951":0,"952":1,"953":0,"954":0,"955":0,"956":0,"957":0,"958":0,"959":1,"960":0,"961":0,"962":0,"963":0,"964":0,"965":1,"966":0,"967":0,"968":0,"969":0,"970":0,"971":0,"972":0,"973":0,"974":0,"975":1,"976":0,"977":0,"978":0,"979":0,"980":0,"981":1,"982":0,"983":0,"984":0,"985":0,"986":0,"987":0,"988":0,"989":1,"990":0,"991":0,"992":0,"993":0,"994":0,"995":0,"996":0,"997":0,"998":0,"999":0,"1000":0,"1001":0,"1002":0,"1003":0,"1004":1,"1005":0,"1006":0,"1007":0,"1008":0,"1009":0,"1010":0,"1011":1,"1012":0,"1013":0,"1014":0,"1015":0,"1016":0,"1017":1,"1018":0,"1019":0,"1020":0,"1021":0,"1022":0,"1023":0,"1024":0,"1025":0,"1026":0,"1027":0,"1028":0,"1029":1,"1030":0,"1031":0,"1032":0,"1033":0,"1034":0,"1035":0,"1036":0,"1037":0,"1038":1,"1039":0,"1040":0,"1041":0,"1042":0,"1043":0,"1044":1,"1045":0,"1046":0,"1047":0,"1048":0,"1049":0,"1050":0,"1051":0,"1052":0,"1053":0,"1054":0,"1055":1,"1056":0,"1057":1,"1058":0,"1059":1,"1060":0,"1061":0,"1062":0,"1063":0,"1064":1,"1065":0,"1066":0,"1067":1,"1068":0,"1069":0,"1070":0,"1071":0,"1072":0,"1073":1,"1074":0,"1075":0,"1076":0,"1077":0,"1078":0,"1079":0,"1080":0,"1081":1,"1082":0,"1083":0,"1084":0,"1085":0,"1086":0,"1087":0,"1088":0,"1089":1,"1090":0,"1091":0,"1092":0,"1093":0,"1094":0,"1095":0,"1096":0,"1097":1,"1098":0,"1099":1,"1100":0,"1101":0,"1102":0,"1103":0,"1104":0,"1105":0,"1106":0,"1107":0,"1108":0,"1109":0,"1110":0,"1111":0,"1112":1,"1113":0,"1114":0,"1115":0,"1116":0,"1117":0,"1118":0,"1119":0,"1120":0,"1121":0,"1122":0,"1123":0,"1124":0,"1125":0,"1126":0,"1127":0,"1128":0,"1129":1,"1130":0,"1131":0,"1132":0,"1133":0,"1134":0,"1135":0,"1136":0,"1137":0,"1138":0,"1139":0,"1140":0,"1141":0,"1142":0,"1143":0,"1144":0,"1145":0,"1146":0,"1147":0,"1148":0,"1149":0,"1150":0,"1151":0,"1152":0,"1153":0,"1154":0,"1155":0,"1156":1,"1157":0,"1158":0,"1159":0,"1160":1,"1161":0,"1162":0,"1163":0,"1164":0,"1165":0,"1166":0,"1167":0,"1168":0,"1169":0,"1170":0,"1171":0,"1172":0,"1173":0,"1174":0,"1175":0,"1176":0,"1177":0,"1178":0,"1179":0,"1180":0,"1181":0,"1182":0,"1183":0,"1184":0,"1185":1,"1186":0,"1187":0,"1188":0,"1189":0,"1190":0,"1191":0,"1192":0,"1193":0,"1194":0,"1195":0,"1196":0,"1197":0,"1198":0,"1199":0,"1200":0,"1201":0,"1202":0,"1203":0,"1204":0,"1205":0,"1206":0,"1207":0,"1208":0,"1209":0,"1210":0,"1211":0,"1212":0,"1213":0,"1214":0,"1215":0,"1216":0,"1217":0,"1218":0,"1219":0,"1220":0,"1221":0,"1222":0,"1223":0,"1224":0,"1225":0,"1226":0,"1227":0,"1228":0,"1229":0,"1230":0,"1231":0,"1232":0,"1233":0,"1234":0,"1235":0,"1236":0,"1237":0,"1238":0,"1239":0,"1240":0,"1241":0},"b":{"1":[0,2],"2":[2,0],"3":[2,0],"4":[2,2],"5":[0,2],"6":[0,0],"7":[0,0,0],"8":[0,0],"9":[0,0],"10":[0,0],"11":[0,0],"12":[0,0],"13":[0,0],"14":[0,0],"15":[0,0],"16":[0,0],"17":[0,0],"18":[0,0],"19":[0,0],"20":[0,0],"21":[0,0,0],"22":[0,0],"23":[0,0],"24":[0,0,0],"25":[0,0],"26":[0,0],"27":[0,0],"28":[0,0],"29":[0,0],"30":[0,0],"31":[0,0],"32":[0,0],"33":[0,0],"34":[0,0,0],"35":[0,0,0],"36":[0,0],"37":[0,0],"38":[0,0],"39":[0,0],"40":[0,0],"41":[0,0],"42":[0,0],"43":[0,0],"44":[0,0],"45":[0,0],"46":[0,0],"47":[0,0],"48":[0,0],"49":[0,0],"50":[0,0],"51":[0,0],"52":[0,0],"53":[0,0],"54":[0,0],"55":[0,0],"56":[0,0],"57":[0,0],"58":[0,0],"59":[0,0],"60":[0,0,0,0],"61":[0,0],"62":[0,0],"63":[0,0],"64":[0,0],"65":[0,0],"66":[0,0],"67":[0,0],"68":[0,0],"69":[0,0],"70":[0,0,0],"71":[0,0],"72":[0,0],"73":[0,0],"74":[0,0],"75":[0,0],"76":[0,0],"77":[0,0],"78":[0,0],"79":[0,0],"80":[0,0],"81":[0,0],"82":[0,0],"83":[0,0,0],"84":[0,0],"85":[0,0],"86":[0,0],"87":[0,0],"88":[0,0],"89":[0,0],"90":[0,0],"91":[0,0],"92":[0,0],"93":[0,0],"94":[0,0],"95":[0,0],"96":[0,0],"97":[0,0],"98":[0,0],"99":[0,0],"100":[0,0],"101":[0,0],"102":[0,0],"103":[0,0],"104":[0,0],"105":[0,0],"106":[0,0],"107":[0,0],"108":[0,0,0],"109":[0,0],"110":[0,0],"111":[0,0],"112":[0,0],"113":[0,0],"114":[0,0],"115":[0,0],"116":[0,0],"117":[0,0],"118":[0,0],"119":[0,0],"120":[0,0],"121":[0,0],"122":[0,0],"123":[0,0],"124":[0,0],"125":[0,0],"126":[0,0],"127":[0,0],"128":[0,0],"129":[0,0],"130":[0,0],"131":[0,0],"132":[0,0,0],"133":[0,0],"134":[0,0,0],"135":[0,0],"136":[0,0,0],"137":[0,0],"138":[0,0],"139":[0,0],"140":[0,0],"141":[0,0],"142":[0,0],"143":[0,0],"144":[0,0],"145":[0,0],"146":[0,0],"147":[0,0],"148":[0,0,0],"149":[0,0],"150":[0,0],"151":[0,0],"152":[0,0],"153":[0,0],"154":[0,0],"155":[0,0,0],"156":[0,0],"157":[0,0,0],"158":[0,0],"159":[0,0],"160":[0,0,0,0,0],"161":[0,0],"162":[0,0],"163":[0,0,0,0,0,0,0],"164":[0,0],"165":[0,0],"166":[0,0],"167":[0,0],"168":[0,0],"169":[0,0,0],"170":[0,0],"171":[0,0],"172":[0,0],"173":[0,0],"174":[0,0],"175":[0,0],"176":[0,0],"177":[0,0],"178":[0,0,0],"179":[0,0],"180":[0,0],"181":[0,0],"182":[0,0],"183":[0,0],"184":[0,0],"185":[0,0],"186":[0,0],"187":[0,0],"188":[0,0],"189":[0,0],"190":[0,0],"191":[0,0],"192":[0,0],"193":[0,0],"194":[0,0],"195":[0,0],"196":[0,0],"197":[0,0],"198":[0,0,0],"199":[0,0],"200":[0,0],"201":[0,0,0,0,0,0],"202":[0,0],"203":[0,0,0,0,0,0,0],"204":[0,0],"205":[0,0],"206":[0,0],"207":[0,0],"208":[0,0],"209":[0,0],"210":[0,0],"211":[0,0],"212":[0,0],"213":[0,0,0,0,0,0,0,0,0,0],"214":[0,0],"215":[0,0],"216":[0,0],"217":[0,0],"218":[0,0],"219":[0,0],"220":[0,0],"221":[0,0],"222":[0,0],"223":[0,0],"224":[0,0],"225":[0,0],"226":[0,0],"227":[0,0],"228":[0,0],"229":[0,0],"230":[0,0],"231":[0,0],"232":[0,0],"233":[0,0],"234":[0,0],"235":[0,0],"236":[0,0],"237":[0,0],"238":[0,0],"239":[0,0],"240":[0,0],"241":[0,0],"242":[0,0],"243":[0,0],"244":[0,0],"245":[0,0,0],"246":[0,0],"247":[0,0],"248":[0,0],"249":[0,0],"250":[0,0],"251":[0,0],"252":[0,0],"253":[0,0],"254":[0,0],"255":[0,0],"256":[0,0],"257":[0,0],"258":[0,0],"259":[0,0],"260":[0,0],"261":[0,0],"262":[0,0],"263":[0,0],"264":[0,0],"265":[0,0],"266":[0,0],"267":[0,0],"268":[0,0],"269":[0,0],"270":[0,0],"271":[0,0],"272":[0,0],"273":[0,0],"274":[0,0],"275":[0,0],"276":[0,0],"277":[0,0],"278":[0,0],"279":[0,0],"280":[0,0],"281":[0,0],"282":[0,0],"283":[0,0],"284":[0,0],"285":[0,0],"286":[0,0],"287":[0,0],"288":[0,0],"289":[0,0],"290":[0,0],"291":[0,0],"292":[0,0],"293":[0,0],"294":[0,0,0],"295":[0,0],"296":[0,0],"297":[0,0],"298":[0,0],"299":[0,0],"300":[0,0],"301":[0,0],"302":[0,0],"303":[0,0],"304":[0,0],"305":[0,0],"306":[0,0],"307":[0,0,0],"308":[0,0],"309":[0,0,0],"310":[0,0],"311":[0,0,0],"312":[0,0],"313":[0,0],"314":[0,0],"315":[0,0,0],"316":[0,0],"317":[0,0],"318":[0,0,0,0,0],"319":[0,0],"320":[0,0],"321":[0,0],"322":[0,0],"323":[0,0],"324":[0,0],"325":[0,0,0],"326":[0,0],"327":[0,0],"328":[0,0],"329":[0,0,0],"330":[0,0],"331":[0,0],"332":[0,0],"333":[0,0],"334":[0,0],"335":[0,0],"336":[0,0],"337":[0,0,0],"338":[0,0],"339":[0,0],"340":[0,0],"341":[0,0],"342":[0,0],"343":[0,0],"344":[0,0],"345":[0,0],"346":[0,0],"347":[0,0],"348":[0,0]},"f":{"1":2,"2":0,"3":2,"4":0,"5":0,"6":0,"7":0,"8":0,"9":0,"10":0,"11":0,"12":0,"13":0,"14":0,"15":0,"16":0,"17":0,"18":0,"19":0,"20":0,"21":0,"22":0,"23":0,"24":0,"25":0,"26":0,"27":0,"28":0,"29":0,"30":0,"31":0,"32":0,"33":0,"34":0,"35":0,"36":0,"37":0,"38":0,"39":0,"40":0,"41":0,"42":0,"43":0,"44":0,"45":0,"46":0,"47":0,"48":0,"49":0,"50":0,"51":0,"52":0,"53":0,"54":0,"55":0,"56":0,"57":0,"58":0,"59":0,"60":0,"61":0,"62":0,"63":0,"64":0,"65":0,"66":0,"67":0,"68":0,"69":0,"70":0,"71":0,"72":0,"73":0,"74":0,"75":0,"76":0,"77":0,"78":0,"79":0,"80":0,"81":0,"82":0,"83":0,"84":0,"85":0,"86":0,"87":0,"88":0,"89":0,"90":0,"91":0,"92":0,"93":0,"94":0,"95":0,"96":0,"97":0,"98":0,"99":0,"100":0,"101":0,"102":0,"103":0,"104":0,"105":0,"106":0,"107":0,"108":0,"109":0,"110":0,"111":0,"112":0,"113":0,"114":0,"115":0,"116":0,"117":0,"118":0,"119":0,"120":0,"121":0,"122":0,"123":0,"124":0,"125":0,"126":0,"127":0,"128":0,"129":0,"130":0,"131":0,"132":0,"133":0,"134":0,"135":0,"136":0,"137":0,"138":0,"139":0,"140":0,"141":0,"142":0,"143":0,"144":0,"145":0,"146":0,"147":0,"148":0,"149":0,"150":0,"151":0,"152":0,"153":0,"154":0,"155":0,"156":0,"157":0,"158":0,"159":0,"160":0,"161":0,"162":0,"163":0,"164":0,"165":0,"166":0,"167":0,"168":0,"169":0,"170":0,"171":0,"172":0,"173":0,"174":0,"175":0,"176":0,"177":0,"178":0,"179":0,"180":0,"181":0,"182":0},"fnMap":{"1":{"name":"(anonymous_1)","line":8,"loc":{"start":{"line":8,"column":1},"end":{"line":8,"column":27}}},"2":{"name":"(anonymous_2)","line":11,"loc":{"start":{"line":11,"column":27},"end":{"line":11,"column":39}}},"3":{"name":"(anonymous_3)","line":19,"loc":{"start":{"line":19,"column":50},"end":{"line":19,"column":97}}},"4":{"name":"(anonymous_4)","line":101,"loc":{"start":{"line":101,"column":20},"end":{"line":101,"column":38}}},"5":{"name":"(anonymous_5)","line":237,"loc":{"start":{"line":237,"column":44},"end":{"line":237,"column":69}}},"6":{"name":"setAutoScrolling","line":243,"loc":{"start":{"line":243,"column":8},"end":{"line":243,"column":46}}},"7":{"name":"setRecordHistory","line":296,"loc":{"start":{"line":296,"column":8},"end":{"line":296,"column":46}}},"8":{"name":"setScrollingSpeed","line":303,"loc":{"start":{"line":303,"column":8},"end":{"line":303,"column":47}}},"9":{"name":"setFitToSection","line":310,"loc":{"start":{"line":310,"column":8},"end":{"line":310,"column":45}}},"10":{"name":"setLockAnchors","line":317,"loc":{"start":{"line":317,"column":8},"end":{"line":317,"column":38}}},"11":{"name":"setMouseWheelScrolling","line":324,"loc":{"start":{"line":324,"column":8},"end":{"line":324,"column":46}}},"12":{"name":"setAllowScrolling","line":340,"loc":{"start":{"line":340,"column":8},"end":{"line":340,"column":53}}},"13":{"name":"(anonymous_13)","line":344,"loc":{"start":{"line":344,"column":35},"end":{"line":344,"column":62}}},"14":{"name":"setKeyboardScrolling","line":360,"loc":{"start":{"line":360,"column":8},"end":{"line":360,"column":56}}},"15":{"name":"(anonymous_15)","line":364,"loc":{"start":{"line":364,"column":35},"end":{"line":364,"column":62}}},"16":{"name":"moveSectionUp","line":375,"loc":{"start":{"line":375,"column":8},"end":{"line":375,"column":32}}},"17":{"name":"moveSectionDown","line":391,"loc":{"start":{"line":391,"column":8},"end":{"line":391,"column":34}}},"18":{"name":"silentMoveTo","line":409,"loc":{"start":{"line":409,"column":8},"end":{"line":409,"column":57}}},"19":{"name":"moveTo","line":419,"loc":{"start":{"line":419,"column":8},"end":{"line":419,"column":51}}},"20":{"name":"moveSlideRight","line":433,"loc":{"start":{"line":433,"column":8},"end":{"line":433,"column":40}}},"21":{"name":"moveSlideLeft","line":441,"loc":{"start":{"line":441,"column":8},"end":{"line":441,"column":39}}},"22":{"name":"reBuild","line":448,"loc":{"start":{"line":448,"column":8},"end":{"line":448,"column":34}}},"23":{"name":"(anonymous_23)","line":455,"loc":{"start":{"line":455,"column":32},"end":{"line":455,"column":42}}},"24":{"name":"(anonymous_24)","line":469,"loc":{"start":{"line":469,"column":36},"end":{"line":469,"column":46}}},"25":{"name":"setResponsive","line":501,"loc":{"start":{"line":501,"column":8},"end":{"line":501,"column":38}}},"26":{"name":"init","line":548,"loc":{"start":{"line":548,"column":8},"end":{"line":548,"column":23}}},"27":{"name":"bindEvents","line":571,"loc":{"start":{"line":571,"column":8},"end":{"line":571,"column":29}}},"28":{"name":"(anonymous_28)","line":609,"loc":{"start":{"line":609,"column":73},"end":{"line":609,"column":85}}},"29":{"name":"(anonymous_29)","line":613,"loc":{"start":{"line":613,"column":73},"end":{"line":613,"column":83}}},"30":{"name":"setOptionsFromDOM","line":622,"loc":{"start":{"line":622,"column":8},"end":{"line":622,"column":36}}},"31":{"name":"(anonymous_31)","line":627,"loc":{"start":{"line":627,"column":71},"end":{"line":627,"column":81}}},"32":{"name":"(anonymous_32)","line":634,"loc":{"start":{"line":634,"column":83},"end":{"line":634,"column":93}}},"33":{"name":"prepareDom","line":643,"loc":{"start":{"line":643,"column":8},"end":{"line":643,"column":29}}},"34":{"name":"(anonymous_34)","line":661,"loc":{"start":{"line":661,"column":32},"end":{"line":661,"column":47}}},"35":{"name":"styleSlides","line":705,"loc":{"start":{"line":705,"column":8},"end":{"line":705,"column":56}}},"36":{"name":"(anonymous_36)","line":724,"loc":{"start":{"line":724,"column":24},"end":{"line":724,"column":40}}},"37":{"name":"styleSection","line":746,"loc":{"start":{"line":746,"column":8},"end":{"line":746,"column":45}}},"38":{"name":"styleMenu","line":775,"loc":{"start":{"line":775,"column":8},"end":{"line":775,"column":42}}},"39":{"name":"addInternalSelectors","line":793,"loc":{"start":{"line":793,"column":8},"end":{"line":793,"column":39}}},"40":{"name":"createSlideArrows","line":801,"loc":{"start":{"line":801,"column":8},"end":{"line":801,"column":43}}},"41":{"name":"addVerticalNavigation","line":817,"loc":{"start":{"line":817,"column":8},"end":{"line":817,"column":40}}},"42":{"name":"(anonymous_42)","line":821,"loc":{"start":{"line":821,"column":25},"end":{"line":821,"column":36}}},"43":{"name":"createScrollBarHandler","line":855,"loc":{"start":{"line":855,"column":8},"end":{"line":855,"column":41}}},"44":{"name":"(anonymous_44)","line":856,"loc":{"start":{"line":856,"column":32},"end":{"line":856,"column":42}}},"45":{"name":"(anonymous_45)","line":860,"loc":{"start":{"line":860,"column":32},"end":{"line":860,"column":42}}},"46":{"name":"enableYoutubeAPI","line":874,"loc":{"start":{"line":874,"column":8},"end":{"line":874,"column":35}}},"47":{"name":"(anonymous_47)","line":875,"loc":{"start":{"line":875,"column":69},"end":{"line":875,"column":79}}},"48":{"name":"addURLParam","line":883,"loc":{"start":{"line":883,"column":8},"end":{"line":883,"column":47}}},"49":{"name":"getUrlParamSign","line":893,"loc":{"start":{"line":893,"column":8},"end":{"line":893,"column":37}}},"50":{"name":"afterRenderActions","line":900,"loc":{"start":{"line":900,"column":8},"end":{"line":900,"column":37}}},"51":{"name":"isDestinyTheStartingSection","line":922,"loc":{"start":{"line":922,"column":8},"end":{"line":922,"column":46}}},"52":{"name":"scrollHandler","line":934,"loc":{"start":{"line":934,"column":8},"end":{"line":934,"column":32}}},"53":{"name":"(anonymous_53)","line":1015,"loc":{"start":{"line":1015,"column":42},"end":{"line":1015,"column":52}}},"54":{"name":"(anonymous_54)","line":1024,"loc":{"start":{"line":1024,"column":43},"end":{"line":1024,"column":53}}},"55":{"name":"fitToSection","line":1037,"loc":{"start":{"line":1037,"column":8},"end":{"line":1037,"column":31}}},"56":{"name":"isCompletelyInViewPort","line":1052,"loc":{"start":{"line":1052,"column":8},"end":{"line":1052,"column":49}}},"57":{"name":"getScrollDirection","line":1065,"loc":{"start":{"line":1065,"column":8},"end":{"line":1065,"column":50}}},"58":{"name":"scrolling","line":1080,"loc":{"start":{"line":1080,"column":8},"end":{"line":1080,"column":44}}},"59":{"name":"preventBouncing","line":1103,"loc":{"start":{"line":1103,"column":8},"end":{"line":1103,"column":39}}},"60":{"name":"touchMoveHandler","line":1122,"loc":{"start":{"line":1122,"column":8},"end":{"line":1122,"column":40}}},"61":{"name":"checkParentForNormalScrollElement","line":1179,"loc":{"start":{"line":1179,"column":8},"end":{"line":1179,"column":61}}},"62":{"name":"isReallyTouch","line":1197,"loc":{"start":{"line":1197,"column":8},"end":{"line":1197,"column":33}}},"63":{"name":"touchStartHandler","line":1205,"loc":{"start":{"line":1205,"column":8},"end":{"line":1205,"column":41}}},"64":{"name":"getAverage","line":1223,"loc":{"start":{"line":1223,"column":8},"end":{"line":1223,"column":45}}},"65":{"name":"MouseWheelHandler","line":1244,"loc":{"start":{"line":1244,"column":8},"end":{"line":1244,"column":38}}},"66":{"name":"moveSlide","line":1316,"loc":{"start":{"line":1316,"column":8},"end":{"line":1316,"column":46}}},"67":{"name":"keepSlidesPosition","line":1356,"loc":{"start":{"line":1356,"column":8},"end":{"line":1356,"column":37}}},"68":{"name":"(anonymous_68)","line":1357,"loc":{"start":{"line":1357,"column":37},"end":{"line":1357,"column":47}}},"69":{"name":"getDestinationPosition","line":1367,"loc":{"start":{"line":1367,"column":8},"end":{"line":1367,"column":48}}},"70":{"name":"scrollPage","line":1403,"loc":{"start":{"line":1403,"column":8},"end":{"line":1403,"column":60}}},"71":{"name":"performMovement","line":1480,"loc":{"start":{"line":1480,"column":8},"end":{"line":1480,"column":35}}},"72":{"name":"(anonymous_72)","line":1493,"loc":{"start":{"line":1493,"column":53},"end":{"line":1493,"column":65}}},"73":{"name":"(anonymous_73)","line":1507,"loc":{"start":{"line":1507,"column":71},"end":{"line":1507,"column":83}}},"74":{"name":"(anonymous_74)","line":1516,"loc":{"start":{"line":1516,"column":35},"end":{"line":1516,"column":45}}},"75":{"name":"getScrollSettings","line":1529,"loc":{"start":{"line":1529,"column":8},"end":{"line":1529,"column":37}}},"76":{"name":"createInfiniteSections","line":1546,"loc":{"start":{"line":1546,"column":8},"end":{"line":1546,"column":42}}},"77":{"name":"continuousVerticalFixSectionOrder","line":1576,"loc":{"start":{"line":1576,"column":8},"end":{"line":1576,"column":55}}},"78":{"name":"afterSectionLoads","line":1600,"loc":{"start":{"line":1600,"column":8},"end":{"line":1600,"column":38}}},"79":{"name":"setSrc","line":1622,"loc":{"start":{"line":1622,"column":8},"end":{"line":1622,"column":43}}},"80":{"name":"lazyLoad","line":1631,"loc":{"start":{"line":1631,"column":8},"end":{"line":1631,"column":34}}},"81":{"name":"(anonymous_81)","line":1639,"loc":{"start":{"line":1639,"column":116},"end":{"line":1639,"column":126}}},"82":{"name":"(anonymous_82)","line":1642,"loc":{"start":{"line":1642,"column":42},"end":{"line":1642,"column":63}}},"83":{"name":"playMedia","line":1658,"loc":{"start":{"line":1658,"column":8},"end":{"line":1658,"column":35}}},"84":{"name":"(anonymous_84)","line":1662,"loc":{"start":{"line":1662,"column":44},"end":{"line":1662,"column":54}}},"85":{"name":"(anonymous_85)","line":1671,"loc":{"start":{"line":1671,"column":65},"end":{"line":1671,"column":75}}},"86":{"name":"(anonymous_86)","line":1679,"loc":{"start":{"line":1679,"column":33},"end":{"line":1679,"column":44}}},"87":{"name":"playYoutube","line":1690,"loc":{"start":{"line":1690,"column":8},"end":{"line":1690,"column":37}}},"88":{"name":"stopMedia","line":1697,"loc":{"start":{"line":1697,"column":8},"end":{"line":1697,"column":35}}},"89":{"name":"(anonymous_89)","line":1701,"loc":{"start":{"line":1701,"column":44},"end":{"line":1701,"column":54}}},"90":{"name":"(anonymous_90)","line":1710,"loc":{"start":{"line":1710,"column":65},"end":{"line":1710,"column":75}}},"91":{"name":"getSlideOrSection","line":1722,"loc":{"start":{"line":1722,"column":8},"end":{"line":1722,"column":43}}},"92":{"name":"scrollToAnchor","line":1734,"loc":{"start":{"line":1734,"column":8},"end":{"line":1734,"column":33}}},"93":{"name":"hashChangeHandler","line":1753,"loc":{"start":{"line":1753,"column":8},"end":{"line":1753,"column":36}}},"94":{"name":"keydownHandler","line":1776,"loc":{"start":{"line":1776,"column":8},"end":{"line":1776,"column":35}}},"95":{"name":"(anonymous_95)","line":1795,"loc":{"start":{"line":1795,"column":39},"end":{"line":1795,"column":49}}},"96":{"name":"tooltipTextHandler","line":1801,"loc":{"start":{"line":1801,"column":8},"end":{"line":1801,"column":37}}},"97":{"name":"keyUpHandler","line":1806,"loc":{"start":{"line":1806,"column":8},"end":{"line":1806,"column":32}}},"98":{"name":"mouseDownHandler","line":1813,"loc":{"start":{"line":1813,"column":8},"end":{"line":1813,"column":36}}},"99":{"name":"mouseUpHandler","line":1822,"loc":{"start":{"line":1822,"column":8},"end":{"line":1822,"column":34}}},"100":{"name":"slideArrowHandler","line":1830,"loc":{"start":{"line":1830,"column":8},"end":{"line":1830,"column":36}}},"101":{"name":"blurHandler","line":1845,"loc":{"start":{"line":1845,"column":8},"end":{"line":1845,"column":30}}},"102":{"name":"sectionBulletHandler","line":1851,"loc":{"start":{"line":1851,"column":8},"end":{"line":1851,"column":40}}},"103":{"name":"slideBulletHandler","line":1858,"loc":{"start":{"line":1858,"column":8},"end":{"line":1858,"column":38}}},"104":{"name":"onkeydown","line":1869,"loc":{"start":{"line":1869,"column":8},"end":{"line":1869,"column":29}}},"105":{"name":"mouseMoveHandler","line":1938,"loc":{"start":{"line":1938,"column":8},"end":{"line":1938,"column":36}}},"106":{"name":"landscapeScroll","line":1956,"loc":{"start":{"line":1956,"column":8},"end":{"line":1956,"column":60}}},"107":{"name":"afterSlideLoads","line":2021,"loc":{"start":{"line":2021,"column":8},"end":{"line":2021,"column":35}}},"108":{"name":"performHorizontalMove","line":2044,"loc":{"start":{"line":2044,"column":8},"end":{"line":2044,"column":63}}},"109":{"name":"(anonymous_109)","line":2052,"loc":{"start":{"line":2052,"column":47},"end":{"line":2052,"column":57}}},"110":{"name":"(anonymous_110)","line":2058,"loc":{"start":{"line":2058,"column":59},"end":{"line":2058,"column":70}}},"111":{"name":"activeSlidesNavigation","line":2068,"loc":{"start":{"line":2068,"column":8},"end":{"line":2068,"column":62}}},"112":{"name":"resizeHandler","line":2076,"loc":{"start":{"line":2076,"column":8},"end":{"line":2076,"column":32}}},"113":{"name":"(anonymous_113)","line":2099,"loc":{"start":{"line":2099,"column":38},"end":{"line":2099,"column":48}}},"114":{"name":"responsive","line":2109,"loc":{"start":{"line":2109,"column":8},"end":{"line":2109,"column":29}}},"115":{"name":"addAnimation","line":2131,"loc":{"start":{"line":2131,"column":8},"end":{"line":2131,"column":38}}},"116":{"name":"removeAnimation","line":2144,"loc":{"start":{"line":2144,"column":8},"end":{"line":2144,"column":41}}},"117":{"name":"activateNavDots","line":2151,"loc":{"start":{"line":2151,"column":8},"end":{"line":2151,"column":52}}},"118":{"name":"activateMenuElement","line":2165,"loc":{"start":{"line":2165,"column":8},"end":{"line":2165,"column":42}}},"119":{"name":"activateMenuAndNav","line":2175,"loc":{"start":{"line":2175,"column":8},"end":{"line":2175,"column":50}}},"120":{"name":"getYmovement","line":2184,"loc":{"start":{"line":2184,"column":8},"end":{"line":2184,"column":38}}},"121":{"name":"getXmovement","line":2200,"loc":{"start":{"line":2200,"column":8},"end":{"line":2200,"column":49}}},"122":{"name":"createScrollBar","line":2216,"loc":{"start":{"line":2216,"
[...]
tackoverflow.com/a/19465187/1081396)","                var nameAttr = $document.find('[name]').filter(function() {","                    return $(this).attr('name') && $(this).attr('name').toLowerCase() == name.toLowerCase();","                });","","                var idAttr = $document.find('[id]').filter(function() {","                    return $(this).attr('id') && $(this).attr('id').toLowerCase() == name.toLowerCase();","                });","","                if(idAttr.length || nameAttr.length ){","                    showError('error', 'data-anchor tags can not have the same value as any `id` element on the site (or `name` element for IE).');","                    idAttr.length && showError('error', '\"' + name + '\" is is being used by another element `id` property');","                    nameAttr.length && showError('error', '\"' + name + '\" is is being used by another element `name` property');","                }","            });","        }","","        /**","        * Shows a message in the console of the given type.","        */","        function showError(type, text){","            console && console[type] && console[type]('fullPage: ' + text);","        }","","    }; //end of $.fn.fullpage","","    if(typeof IScroll !== 'undefined'){","        /*","        * Turns iScroll `mousewheel` option off dynamically","        * https://github.com/cubiq/iscroll/issues/1036","        */","        IScroll.prototype.wheelOn = function () {","            this.wrapper.addEventListener('wheel', this);","            this.wrapper.addEventListener('mousewheel', this);","            this.wrapper.addEventListener('DOMMouseScroll', this);","        };","","        /*","        * Turns iScroll `mousewheel` option on dynamically","        * https://github.com/cubiq/iscroll/issues/1036","        */","        IScroll.prototype.wheelOff = function () {","            this.wrapper.removeEventListener('wheel', this);","            this.wrapper.removeEventListener('mousewheel', this);","            this.wrapper.removeEventListener('DOMMouseScroll', this);","        };","    }","","    /**","     * An object to handle overflow scrolling.","     * This uses jquery.slimScroll to accomplish overflow scrolling.","     * It is possible to pass in an alternate scrollOverflowHandler","     * to the fullpage.js option that implements the same functions","     * as this handler.","     *","     * @type {Object}","     */","    var iscrollHandler = {","        refreshId: null,","        iScrollInstances: [],","","        // Enables or disables the mouse wheel for the active section or all slides in it","        toggleWheel: function(value){","            var scrollable = $(SECTION_ACTIVE_SEL).find(SCROLLABLE_SEL);","            scrollable.each(function(){","                var iScrollInstance = $(this).data('iscrollInstance');","                if(typeof iScrollInstance !== 'undefined' && iScrollInstance){","                    if(value){","                        iScrollInstance.wheelOn();","                    }","                    else{","                        iScrollInstance.wheelOff();","                    }","                }","            });","        },","","        /**","        * Turns off iScroll for the destination section.","        * When scrolling very fast on some trackpads (and Apple laptops) the inertial scrolling would","        * scroll the destination section/slide before the sections animations ends.","        */","        onLeave: function(){","            iscrollHandler.toggleWheel(false);","        },","","        // Turns off iScroll for the leaving section","        beforeLeave: function(){","            iscrollHandler.onLeave()","        },","","        // Turns on iScroll on section load","        afterLoad: function(){","            iscrollHandler.toggleWheel(true);","        },","","        /**","         * Called when overflow scrolling is needed for a section.","         *","         * @param  {Object} element      jQuery object containing current section","         * @param  {Number} scrollHeight Current window height in pixels","         */","        create: function(element, scrollHeight) {","            var scrollable = element.find(SCROLLABLE_SEL);","","            scrollable.height(scrollHeight);","            scrollable.each(function() {","                var $this = $(this);","                var iScrollInstance = $this.data('iscrollInstance');","                if (iScrollInstance) {","                    $.each(iscrollHandler.iScrollInstances, function(){","                        $(this).destroy();","                    });","                }","","                iScrollInstance = new IScroll($this.get(0), iscrollOptions);","                iscrollHandler.iScrollInstances.push(iScrollInstance);","","                //off by default until the section gets active","                iScrollInstance.wheelOff();","","                $this.data('iscrollInstance', iScrollInstance);","            });","        },","","        /**","         * Return a boolean depending on whether the scrollable element is a","         * the end or at the start of the scrolling depending on the given type.","         *","         * @param  {String}  type       Either 'top' or 'bottom'","         * @param  {Object}  scrollable jQuery object for the scrollable element","         * @return {Boolean}","         */","        isScrolled: function(type, scrollable) {","            var scroller = scrollable.data('iscrollInstance');","","            //no scroller?","            if (!scroller) {","                return true;","            }","","            if (type === 'top') {","                return scroller.y >= 0 && !scrollable.scrollTop();","            } else if (type === 'bottom') {","                return (0 - scroller.y) + scrollable.scrollTop() + 1 + scrollable.innerHeight() >= scrollable[0].scrollHeight;","            }","        },","","        /**","         * Returns the scrollable element for the given section.","         * If there are landscape slides, will only return a scrollable element","         * if it is in the active slide.","         *","         * @param  {Object}  activeSection jQuery object containing current section","         * @return {Boolean}","         */","        scrollable: function(activeSection){","            // if there are landscape slides, we check if the scrolling bar is in the current one or not","            if (activeSection.find(SLIDES_WRAPPER_SEL).length) {","                return activeSection.find(SLIDE_ACTIVE_SEL).find(SCROLLABLE_SEL);","            }","            return activeSection.find(SCROLLABLE_SEL);","        },","","        /**","         * Returns the scroll height of the wrapped content.","         * If this is larger than the window height minus section padding,","         * overflow scrolling is needed.","         *","         * @param  {Object} element jQuery object containing current section","         * @return {Number}","         */","        scrollHeight: function(element) {","            return element.find(SCROLLABLE_SEL).children().first().get(0).scrollHeight;","        },","","        /**","         * Called when overflow scrolling is no longer needed for a section.","         *","         * @param  {Object} element      jQuery object containing current section","         */","        remove: function(element) {","            var scrollable = element.find(SCROLLABLE_SEL);","            if (scrollable.length) {","                var iScrollInstance = scrollable.data('iscrollInstance');","                iScrollInstance.destroy();","","                scrollable.data('iscrollInstance', null);","            }","            element.find(SCROLLABLE_SEL).children().first().children().first().unwrap().unwrap();","        },","","        /**","         * Called when overflow scrolling has already been setup but the","         * window height has potentially changed.","         *","         * @param  {Object} element      jQuery object containing current section","         * @param  {Number} scrollHeight Current window height in pixels","         */","        update: function(element, scrollHeight) {","            //using a timeout in order to execute the refresh function only once when `update` is called multiple times in a","            //short period of time.","            //it also comes on handy because iScroll requires the use of timeout when using `refresh`.","            clearTimeout(iscrollHandler.refreshId);","            iscrollHandler.refreshId = setTimeout(function(){","                $.each(iscrollHandler.iScrollInstances, function(){","                    $(this).get(0).refresh();","                });","            }, 150);","","            //updating the wrappers height","            element.find(SCROLLABLE_SEL).css('height', scrollHeight + 'px').parent().css('height', scrollHeight + 'px');","        },","","        /**","         * Called to get any additional elements needed to wrap the section","         * content in order to facilitate overflow scrolling.","         *","         * @return {String|Object} Can be a string containing HTML,","         *                         a DOM element, or jQuery object.","         */","        wrapContent: function() {","            return '<div class=\"' + SCROLLABLE + '\"><div class=\"fp-scroller\"></div></div>';","        }","    };","});",""],"l":{"8":2,"10":2,"11":0,"12":0,"14":2,"15":2,"17":0,"23":2,"24":2,"27":2,"28":2,"31":2,"32":2,"33":2,"34":2,"35":2,"36":2,"37":2,"38":2,"39":2,"42":2,"43":2,"44":2,"45":2,"46":2,"47":2,"48":2,"49":2,"50":2,"51":2,"52":2,"53":2,"56":2,"57":2,"58":2,"59":2,"60":2,"63":2,"64":2,"65":2,"66":2,"67":2,"68":2,"69":2,"70":2,"71":2,"74":2,"75":2,"76":2,"77":2,"78":2,"79":2,"80":2,"81":2,"82":2,"83":2,"84":2,"85":2,"86":2,"88":2,"89":0,"92":0,"101":0,"103":0,"106":0,"107":0,"109":0,"112":0,"196":0,"198":0,"199":0,"200":0,"201":0,"202":0,"203":0,"204":0,"205":0,"206":0,"207":0,"208":0,"209":0,"210":0,"211":0,"212":0,"213":0,"214":0,"220":0,"221":0,"222":0,"223":0,"224":0,"225":0,"226":0,"228":0,"231":0,"234":0,"237":0,"243":1,"245":0,"246":0,"249":0,"251":0,"253":0,"254":0,"259":0,"262":0,"267":0,"269":0,"273":0,"278":0,"281":0,"287":0,"288":0,"296":1,"297":0,"303":1,"304":0,"310":1,"311":0,"317":1,"318":0,"324":1,"325":0,"326":0,"327":0,"329":0,"330":0,"340":1,"341":0,"342":0,"344":0,"345":0,"348":0,"349":0,"350":0,"352":0,"353":0,"360":1,"361":0,"362":0,"364":0,"365":0,"368":0,"375":1,"376":0,"379":0,"380":0,"383":0,"384":0,"391":1,"392":0,"395":0,"397":0,"400":0,"401":0,"409":1,"410":0,"411":0,"412":0,"419":1,"420":0,"422":0,"423":0,"424":0,"425":0,"433":1,"434":0,"441":1,"442":0,"448":1,"449":0,"451":0,"453":0,"455":0,"456":0,"457":0,"460":0,"461":0,"464":0,"467":0,"468":0,"469":0,"470":0,"473":0,"478":0,"479":0,"483":0,"484":0,"487":0,"489":0,"492":0,"493":0,"494":0,"501":1,"502":0,"504":0,"505":0,"506":0,"507":0,"508":0,"509":0,"510":0,"513":0,"514":0,"515":0,"516":0,"517":0,"518":0,"522":0,"524":0,"525":0,"526":0,"527":0,"528":0,"529":0,"530":0,"531":0,"532":0,"533":0,"534":0,"535":0,"536":0,"537":0,"538":0,"539":0,"540":0,"541":0,"543":0,"545":0,"548":1,"550":0,"551":0,"554":0,"556":0,"557":0,"558":0,"559":0,"560":0,"563":0,"565":0,"566":0,"568":0,"571":1,"572":0,"586":0,"602":0,"608":0,"609":0,"610":0,"613":0,"614":0,"622":1,"623":0,"626":0,"627":0,"628":0,"633":0,"634":0,"635":0,"643":1,"644":0,"650":0,"651":0,"654":0,"656":0,"658":0,"661":0,"662":0,"663":0,"664":0,"666":0,"667":0,"670":0,"671":0,"673":0,"674":0,"680":0,"681":0,"685":0,"686":0,"689":0,"691":0,"692":0,"693":0,"696":0,"698":0,"705":1,"706":0,"707":0,"709":0,"710":0,"712":0,"714":0,"715":0,"716":0,"719":0,"720":0,"724":0,"725":0,"727":0,"728":0,"732":0,"736":0,"737":0,"739":0,"746":1,"748":0,"749":0,"751":0,"753":0,"755":0,"756":0,"759":0,"760":0,"763":0,"764":0,"767":0,"768":0,"775":1,"776":0,"778":0,"779":0,"784":0,"785":0,"793":1,"794":0,"795":0,"801":1,"802":0,"804":0,"805":0,"806":0,"809":0,"810":0,"817":1,"818":0,"819":0,"821":0,"822":0,"825":0,"826":0,"827":0,"828":0,"831":0,"834":0,"836":0,"837":0,"840":0,"842":0,"846":0,"849":0,"855":1,"856":0,"857":0,"859":0,"860":0,"861":0,"864":0,"868":0,"874":1,"875":0,"876":0,"883":1,"884":0,"885":0,"893":1,"894":0,"900":1,"901":0,"903":0,"905":0,"906":0,"908":0,"909":0,"910":0,"912":0,"913":0,"916":0,"922":1,"923":0,"924":0,"926":0,"930":0,"931":0,"934":1,"935":0,"937":0,"938":0,"939":0,"940":0,"941":0,"942":0,"943":0,"946":0,"947":0,"950":0,"951":0,"956":0,"957":0,"960":0,"962":0,"967":0,"968":0,"969":0,"974":0,"978":0,"979":0,"980":0,"981":0,"982":0,"983":0,"984":0,"985":0,"986":0,"987":0,"989":0,"990":0,"991":0,"994":0,"995":0,"997":0,"998":0,"1000":0,"1001":0,"1002":0,"1004":0,"1006":0,"1008":0,"1010":0,"1014":0,"1015":0,"1016":0,"1020":0,"1022":0,"1024":0,"1026":0,"1027":0,"1037":1,"1039":0,"1042":0,"1044":0,"1045":0,"1052":1,"1053":0,"1054":0,"1056":0,"1057":0,"1059":0,"1065":1,"1066":0,"1068":0,"1071":0,"1073":0,"1080":1,"1081":0,"1082":0,"1084":0,"1085":0,"1087":0,"1089":0,"1090":0,"1092":0,"1096":0,"1103":1,"1104":0,"1105":0,"1107":0,"1111":0,"1112":0,"1113":0,"1114":0,"1122":1,"1123":0,"1124":0,"1127":0,"1129":0,"1131":0,"1134":0,"1135":0,"1137":0,"1138":0,"1141":0,"1144":0,"1145":0,"1146":0,"1147":0,"1150":0,"1151":0,"1158":0,"1161":0,"1162":0,"1163":0,"1164":0,"1165":0,"1179":1,"1180":0,"1181":0,"1183":0,"1185":0,"1186":0,"1187":0,"1189":0,"1197":1,"1199":0,"1205":1,"1206":0,"1209":0,"1210":0,"1213":0,"1214":0,"1215":0,"1216":0,"1223":1,"1224":0,"1227":0,"1229":0,"1230":0,"1233":0,"1242":0,"1244":1,"1245":0,"1246":0,"1249":0,"1251":0,"1252":0,"1253":0,"1255":0,"1256":0,"1259":0,"1260":0,"1264":0,"1267":0,"1268":0,"1271":0,"1272":0,"1275":0,"1276":0,"1280":0,"1282":0,"1285":0,"1286":0,"1287":0,"1288":0,"1291":0,"1293":0,"1294":0,"1298":0,"1303":0,"1306":0,"1308":0,"1316":1,"1317":0,"1318":0,"1319":0,"1322":0,"1323":0,"1326":0,"1327":0,"1329":0,"1330":0,"1332":0,"1336":0,"1338":0,"1340":0,"1341":0,"1343":0,"1347":0,"1349":0,"1356":1,"1357":0,"1358":0,"1362":0,"1367":1,"1368":0,"1371":0,"1372":0,"1373":0,"1374":0,"1377":0,"1379":0,"1380":0,"1385":0,"1387":0,"1396":0,"1397":0,"1403":1,"1404":0,"1406":0,"1407":0,"1408":0,"1411":0,"1429":0,"1431":0,"1432":0,"1433":0,"1437":0,"1441":0,"1445":0,"1446":0,"1447":0,"1452":0,"1453":0,"1456":0,"1457":0,"1458":0,"1459":0,"1464":0,"1466":0,"1468":0,"1471":0,"1474":0,"1480":1,"1482":0,"1486":0,"1487":0,"1491":0,"1492":0,"1493":0,"1494":0,"1497":0,"1503":0,"1505":0,"1508":0,"1516":0,"1517":0,"1520":0,"1529":1,"1530":0,"1532":0,"1533":0,"1534":0,"1536":0,"1537":0,"1540":0,"1546":1,"1548":0,"1550":0,"1554":0,"1558":0,"1561":0,"1564":0,"1567":0,"1568":0,"1570":0,"1576":1,"1579":0,"1580":0,"1583":0,"1584":0,"1587":0,"1590":0,"1593":0,"1600":1,"1601":0,"1604":0,"1605":0,"1607":0,"1608":0,"1611":0,"1613":0,"1615":0,"1622":1,"1623":0,"1631":1,"1632":0,"1633":0,"1636":0,"1637":0,"1639":0,"1640":0,"1642":0,"1643":0,"1644":0,"1645":0,"1649":0,"1650":0,"1658":1,"1659":0,"1662":0,"1663":0,"1665":0,"1666":0,"1671":0,"1672":0,"1674":0,"1675":0,"1679":0,"1680":0,"1681":0,"1690":1,"1691":0,"1697":1,"1698":0,"1701":0,"1702":0,"1704":0,"1705":0,"1710":0,"1711":0,"1713":0,"1714":0,"1722":1,"1723":0,"1724":0,"1725":0,"1728":0,"1734":1,"1736":0,"1737":0,"1738":0,"1740":0,"1741":0,"1742":0,"1744":0,"1753":1,"1754":0,"1755":0,"1756":0,"1757":0,"1760":0,"1761":0,"1764":0,"1768":0,"1769":0,"1776":1,"1778":0,"1780":0,"1782":0,"1785":0,"1788":0,"1789":0,"1790":0,"1793":0,"1795":0,"1796":0,"1801":1,"1802":0,"1806":1,"1807":0,"1808":0,"1813":1,"1815":0,"1816":0,"1817":0,"1822":1,"1824":0,"1825":0,"1830":1,"1831":0,"1833":0,"1834":0,"1835":0,"1838":0,"1839":0,"1845":1,"1846":0,"1847":0,"1851":1,"1852":0,"1853":0,"1854":0,"1858":1,"1859":0,"1860":0,"1861":0,"1863":0,"1869":1,"1870":0,"1873":0,"1874":0,"1877":0,"1881":0,"1882":0,"1884":0,"1888":0,"1889":0,"1890":0,"1895":0,"1896":0,"1898":0,"1902":0,"1903":0,"1905":0,"1909":0,"1910":0,"1912":0,"1916":0,"1917":0,"1919":0,"1923":0,"1924":0,"1926":0,"1929":0,"1937":0,"1938":1,"1939":0,"1941":0,"1942":0,"1946":0,"1947":0,"1950":0,"1956":1,"1957":0,"1958":0,"1976":0,"1979":0,"1981":0,"1984":0,"1987":0,"1988":0,"1989":0,"1990":0,"1991":0,"1997":0,"1999":0,"2000":0,"2001":0,"2004":0,"2006":0,"2009":0,"2013":0,"2014":0,"2017":0,"2021":1,"2022":0,"2025":0,"2026":0,"2030":0,"2032":0,"2036":0,"2044":1,"2045":0,"2047":0,"2048":0,"2050":0,"2052":0,"2053":0,"2056":0,"2060":0,"2068":1,"2069":0,"2070":0,"2073":0,"2076":1,"2078":0,"2081":0,"2082":0,"2085":0,"2086":0,"2089":0,"2090":0,"2091":0,"2097":0,"2099":0,"2100":0,"2109":1,"2110":0,"2111":0,"2114":0,"2115":0,"2117":0,"2118":0,"2120":0,"2121":0,"2123":0,"2124":0,"2131":1,"2132":0,"2134":0,"2135":0,"2144":1,"2145":0,"2151":1,"2152":0,"2153":0,"2154":0,"2155":0,"2157":0,"2165":1,"2166":0,"2167":0,"2168":0,"2175":1,"2176":0,"2177":0,"2184":1,"2185":0,"2186":0,"2187":0,"2188":0,"2190":0,"2191":0,"2193":0,"2200":1,"2201":0,"2202":0,"2204":0,"2205":0,"2207":0,"2216":1,"2218":0,"2221":0,"2223":0,"2224":0,"2226":0,"2227":0,"2228":0,"2231":0,"2232":0,"2234":0,"2235":0,"2236":0,"2240":0,"2243":0,"2245":0,"2246":0,"2250":0,"2251":0,"2253":0,"2255":0,"2260":0,"2264":0,"2267":1,"2269":0,"2270":0,"2274":1,"2275":0,"2277":0,"2278":0,"2279":0,"2280":0,"2283":0,"2284":0,"2287":0,"2293":1,"2294":0,"2295":0,"2297":0,"2300":0,"2303":0,"2304":0,"2311":1,"2312":0,"2314":0,"2315":0,"2316":0,"2319":0,"2325":1,"2326":0,"2327":0,"2329":0,"2330":0,"2333":0,"2339":1,"2340":0,"2343":0,"2346":0,"2347":0,"2351":0,"2352":0,"2353":0,"2358":0,"2365":1,"2366":0,"2367":0,"2368":0,"2370":0,"2371":0,"2379":1,"2380":0,"2381":0,"2384":0,"2386":0,"2387":0,"2391":0,"2393":0,"2401":1,"2402":0,"2404":0,"2407":0,"2408":0,"2409":0,"2413":0,"2414":0,"2417":0,"2418":0,"2421":0,"2422":0,"2423":0,"2428":0,"2432":0,"2438":1,"2439":0,"2440":0,"2443":0,"2444":0,"2446":0,"2447":0,"2455":1,"2456":0,"2457":0,"2460":0,"2461":0,"2464":0,"2470":1,"2471":0,"2472":0,"2474":0,"2475":0,"2477":0,"2479":0,"2480":0,"2484":0,"2487":0,"2488":0,"2491":0,"2499":1,"2500":0,"2511":0,"2513":0,"2514":0,"2515":0,"2516":0,"2520":0,"2522":0,"2529":1,"2530":0,"2531":0,"2532":0,"2533":0,"2535":0,"2544":1,"2545":0,"2546":0,"2548":0,"2549":0,"2551":0,"2552":0,"2556":0,"2561":0,"2562":0,"2567":0,"2574":1,"2575":0,"2583":1,"2584":0,"2592":1,"2593":0,"2594":0,"2595":0,"2598":0,"2607":1,"2608":0,"2609":0,"2619":1,"2620":0,"2623":0,"2624":0,"2629":0,"2632":0,"2639":1,"2640":0,"2642":0,"2643":0,"2646":0,"2647":0,"2648":0,"2651":0,"2658":1,"2659":0,"2661":0,"2663":0,"2666":0,"2668":0,"2669":0,"2672":0,"2678":1,"2681":0,"2683":0,"2684":0,"2685":0,"2687":0,"2688":0,"2691":0,"2698":1,"2699":0,"2711":1,"2712":0,"2713":0,"2714":0,"2715":0,"2716":0,"2718":0,"2719":0,"2721":0,"2729":1,"2730":0,"2731":0,"2732":0,"2733":0,"2735":0,"2736":0,"2737":0,"2738":0,"2739":0,"2741":0,"2746":0,"2754":0,"2757":0,"2758":0,"2761":0,"2762":0,"2769":1,"2771":0,"2774":0,"2775":0,"2778":0,"2779":0,"2782":0,"2785":0,"2791":0,"2795":0,"2802":0,"2808":0,"2811":0,"2814":0,"2815":0,"2816":0,"2821":0,"2822":0,"2823":0,"2826":0,"2829":0,"2831":0,"2835":0,"2841":0,"2844":0,"2845":0,"2846":0,"2856":1,"2857":0,"2858":0,"2859":0,"2866":1,"2867":0,"2868":0,"2869":0,"2870":0,"2874":0,"2876":0,"2877":0,"2880":0,"2881":0,"2884":0,"2885":0,"2886":0,"2890":0,"2892":0,"2893":0,"2898":0,"2901":0,"2902":0,"2905":0,"2906":0,"2909":0,"2910":0,"2911":0,"2912":0,"2920":1,"2921":0,"2926":0,"2931":0,"2932":0,"2933":0,"2934":0,"2941":0,"2942":0,"2943":0,"2944":0,"2957":0,"2963":0,"2964":0,"2965":0,"2966":0,"2967":0,"2968":0,"2971":0,"2983":0,"2988":0,"2993":0,"3003":0,"3005":0,"3006":0,"3007":0,"3008":0,"3009":0,"3010":0,"3011":0,"3015":0,"3016":0,"3019":0,"3021":0,"3034":0,"3037":0,"3038":0,"3041":0,"3042":0,"3043":0,"3044":0,"3058":0,"3059":0,"3061":0,"3073":0,"3082":0,"3083":0,"3084":0,"3085":0,"3087":0,"3089":0,"3103":0,"3104":0,"3105":0,"3106":0,"3111":0,"3122":0}}}